2012-04-21 20:21:45-0700 [-] Log opened.
2012-04-21 20:21:45-0700 [-] twistd 11.1.0 (/opt/local/Library/Frameworks/Python.framework/Versions/2.7/Resources/Python.app/Contents/MacOS/Python 2.7.3) starting up.
2012-04-21 20:21:45-0700 [-] reactor class: twisted.internet.selectreactor.SelectReactor.
2012-04-21 20:21:45-0700 [-] Starting BuildSlave -- version: 0.8.5
2012-04-21 20:21:45-0700 [-] recording hostname in twistd.hostname
2012-04-21 20:21:45-0700 [-] Starting factory <buildslave.bot.BotFactory instance at 0x10b217a70>
2012-04-21 20:21:45-0700 [-] Connecting to localhost:9989
2012-04-21 20:21:45-0700 [Broker,client] message from master: attached
2012-04-21 20:21:45-0700 [Broker,client] SlaveBuilder.remote_print(runtests): message from master: attached
2012-04-21 20:21:45-0700 [Broker,client] Connected to localhost:9989; slave is ready
2012-04-21 20:21:45-0700 [Broker,client] sending application-level keepalives every 600 seconds
2012-04-21 20:22:27-0700 [Broker,client] SlaveBuilder.remote_print(runtests): message from master: ping
2012-04-21 20:22:27-0700 [Broker,client]  startCommand:git [id 0]
2012-04-21 20:22:27-0700 [Broker,client] RunProcess._startCommand
2012-04-21 20:22:27-0700 [Broker,client]  rm -rf '/Users/sliver/Repository/Application Security/Personal/VulnScan/buildsystem/slaves/example-slave/runtests/build'
2012-04-21 20:22:27-0700 [Broker,client]   in dir /Users/sliver/Repository/Application Security/Personal/VulnScan/buildsystem/slaves/example-slave/runtests (timeout 1200 secs)
2012-04-21 20:22:27-0700 [Broker,client]   watching logfiles {}
2012-04-21 20:22:27-0700 [Broker,client]   argv: ['rm', '-rf', '/Users/sliver/Repository/Application Security/Personal/VulnScan/buildsystem/slaves/example-slave/runtests/build']
2012-04-21 20:22:27-0700 [Broker,client]  environment: {'LOGNAME': 'sliver', 'USER': 'sliver', 'PATH': '/opt/local/bin:/opt/local/sbin:/Applications/Xcode.app/Contents/Developer/usr/bin:/Applications/HP-Fortify-3.40-SCA_and_Apps-Mac-x64/bin/:/Applications/Xcode.app/Contents/Developer/usr/bin:/usr/bin:/bin:/usr/sbin:/sbin:/usr/local/bin:/usr/X11/bin', 'HOME': '/Users/sliver', 'DISPLAY': '/tmp/launch-0k1hdI/org.x:0', 'TERM_PROGRAM': 'iTerm.app', 'LANG': 'en_US.UTF-8', 'TERM': 'xterm-256color', 'Apple_PubSub_Socket_Render': '/tmp/launch-KzgWAq/Render', 'COLORFGBG': '7;0', 'SHLVL': '1', 'SECURITYSESSIONID': '186a4', 'ITERM_SESSION_ID': 'w0t4p0', 'TMPDIR': '/var/folders/zw/lckwkh6s2js4xnw3_wxzy4tr0000gn/T/', 'SSH_AUTH_SOCK': '/tmp/launch-iIzGVx/Listeners', 'SHELL': '/bin/bash', 'ITERM_PROFILE': 'Default', '_': '/opt/local/bin/buildslave', 'OLDPWD': '/Users/sliver/Repository/Application Security/Personal/VulnScan/buildsystem/slaves', '__CF_USER_TEXT_ENCODING': '0x1F5:0:0', 'Apple_Ubiquity_Message': '/tmp/launch-LS5zNf/Apple_Ubiquity_Message', 'PWD': '/Users/sliver/Repository/Application Security/Personal/VulnScan/buildsystem/slaves/example-slave/runtests', 'COMMAND_MODE': 'unix2003'}
2012-04-21 20:22:27-0700 [Broker,client]   using PTY: False
2012-04-21 20:22:27-0700 [-] command finished with signal None, exit code 0, elapsedTime: 0.021138
2012-04-21 20:22:27-0700 [-] RunProcess._startCommand
2012-04-21 20:22:27-0700 [-]  rm -rf '/Users/sliver/Repository/Application Security/Personal/VulnScan/buildsystem/slaves/example-slave/runtests/source'
2012-04-21 20:22:27-0700 [-]   in dir /Users/sliver/Repository/Application Security/Personal/VulnScan/buildsystem/slaves/example-slave/runtests (timeout 1200 secs)
2012-04-21 20:22:27-0700 [-]   watching logfiles {}
2012-04-21 20:22:27-0700 [-]   argv: ['rm', '-rf', '/Users/sliver/Repository/Application Security/Personal/VulnScan/buildsystem/slaves/example-slave/runtests/source']
2012-04-21 20:22:27-0700 [-]  environment: {'LOGNAME': 'sliver', 'USER': 'sliver', 'PATH': '/opt/local/bin:/opt/local/sbin:/Applications/Xcode.app/Contents/Developer/usr/bin:/Applications/HP-Fortify-3.40-SCA_and_Apps-Mac-x64/bin/:/Applications/Xcode.app/Contents/Developer/usr/bin:/usr/bin:/bin:/usr/sbin:/sbin:/usr/local/bin:/usr/X11/bin', 'HOME': '/Users/sliver', 'DISPLAY': '/tmp/launch-0k1hdI/org.x:0', 'TERM_PROGRAM': 'iTerm.app', 'LANG': 'en_US.UTF-8', 'TERM': 'xterm-256color', 'Apple_PubSub_Socket_Render': '/tmp/launch-KzgWAq/Render', 'COLORFGBG': '7;0', 'SHLVL': '1', 'SECURITYSESSIONID': '186a4', 'ITERM_SESSION_ID': 'w0t4p0', 'TMPDIR': '/var/folders/zw/lckwkh6s2js4xnw3_wxzy4tr0000gn/T/', 'SSH_AUTH_SOCK': '/tmp/launch-iIzGVx/Listeners', 'SHELL': '/bin/bash', 'ITERM_PROFILE': 'Default', '_': '/opt/local/bin/buildslave', 'OLDPWD': '/Users/sliver/Repository/Application Security/Personal/VulnScan/buildsystem/slaves', '__CF_USER_TEXT_ENCODING': '0x1F5:0:0', 'Apple_Ubiquity_Message': '/tmp/launch-LS5zNf/Apple_Ubiquity_Message', 'PWD': '/Users/sliver/Repository/Application Security/Personal/VulnScan/buildsystem/slaves/example-slave/runtests', 'COMMAND_MODE': 'unix2003'}
2012-04-21 20:22:27-0700 [-]   using PTY: False
2012-04-21 20:22:27-0700 [-] command finished with signal None, exit code 0, elapsedTime: 0.018187
2012-04-21 20:22:27-0700 [-] RunProcess._startCommand
2012-04-21 20:22:27-0700 [-]  /Applications/Xcode.app/Contents/Developer/usr/bin/git init
2012-04-21 20:22:27-0700 [-]   in dir /Users/sliver/Repository/Application Security/Personal/VulnScan/buildsystem/slaves/example-slave/runtests/source (timeout 1200 secs)
2012-04-21 20:22:27-0700 [-]   watching logfiles {}
2012-04-21 20:22:27-0700 [-]   argv: ['/Applications/Xcode.app/Contents/Developer/usr/bin/git', 'init']
2012-04-21 20:22:27-0700 [-]  environment: {'LOGNAME': 'sliver', 'USER': 'sliver', 'PATH': '/opt/local/bin:/opt/local/sbin:/Applications/Xcode.app/Contents/Developer/usr/bin:/Applications/HP-Fortify-3.40-SCA_and_Apps-Mac-x64/bin/:/Applications/Xcode.app/Contents/Developer/usr/bin:/usr/bin:/bin:/usr/sbin:/sbin:/usr/local/bin:/usr/X11/bin', 'HOME': '/Users/sliver', 'DISPLAY': '/tmp/launch-0k1hdI/org.x:0', 'TERM_PROGRAM': 'iTerm.app', 'LANG': 'en_US.UTF-8', 'TERM': 'xterm-256color', 'Apple_PubSub_Socket_Render': '/tmp/launch-KzgWAq/Render', 'COLORFGBG': '7;0', 'SHLVL': '1', 'SECURITYSESSIONID': '186a4', 'ITERM_SESSION_ID': 'w0t4p0', 'TMPDIR': '/var/folders/zw/lckwkh6s2js4xnw3_wxzy4tr0000gn/T/', 'SSH_AUTH_SOCK': '/tmp/launch-iIzGVx/Listeners', 'SHELL': '/bin/bash', 'ITERM_PROFILE': 'Default', '_': '/opt/local/bin/buildslave', 'OLDPWD': '/Users/sliver/Repository/Application Security/Personal/VulnScan/buildsystem/slaves', '__CF_USER_TEXT_ENCODING': '0x1F5:0:0', 'Apple_Ubiquity_Message': '/tmp/launch-LS5zNf/Apple_Ubiquity_Message', 'PWD': '/Users/sliver/Repository/Application Security/Personal/VulnScan/buildsystem/slaves/example-slave/runtests/source', 'COMMAND_MODE': 'unix2003'}
2012-04-21 20:22:27-0700 [-]   using PTY: False
2012-04-21 20:22:27-0700 [-] command finished with signal None, exit code 0, elapsedTime: 0.029651
2012-04-21 20:22:27-0700 [-] RunProcess._startCommand
2012-04-21 20:22:27-0700 [-]  /Applications/Xcode.app/Contents/Developer/usr/bin/git fetch -t git://github.com/buildbot/pyflakes.git +master
2012-04-21 20:22:27-0700 [-]   in dir /Users/sliver/Repository/Application Security/Personal/VulnScan/buildsystem/slaves/example-slave/runtests/source (timeout 1200 secs)
2012-04-21 20:22:27-0700 [-]   watching logfiles {}
2012-04-21 20:22:27-0700 [-]   argv: ['/Applications/Xcode.app/Contents/Developer/usr/bin/git', 'fetch', '-t', 'git://github.com/buildbot/pyflakes.git', '+master']
2012-04-21 20:22:27-0700 [-]  environment: {'LOGNAME': 'sliver', 'USER': 'sliver', 'PATH': '/opt/local/bin:/opt/local/sbin:/Applications/Xcode.app/Contents/Developer/usr/bin:/Applications/HP-Fortify-3.40-SCA_and_Apps-Mac-x64/bin/:/Applications/Xcode.app/Contents/Developer/usr/bin:/usr/bin:/bin:/usr/sbin:/sbin:/usr/local/bin:/usr/X11/bin', 'HOME': '/Users/sliver', 'DISPLAY': '/tmp/launch-0k1hdI/org.x:0', 'TERM_PROGRAM': 'iTerm.app', 'LANG': 'en_US.UTF-8', 'TERM': 'xterm-256color', 'Apple_PubSub_Socket_Render': '/tmp/launch-KzgWAq/Render', 'COLORFGBG': '7;0', 'SHLVL': '1', 'SECURITYSESSIONID': '186a4', 'ITERM_SESSION_ID': 'w0t4p0', 'TMPDIR': '/var/folders/zw/lckwkh6s2js4xnw3_wxzy4tr0000gn/T/', 'SSH_AUTH_SOCK': '/tmp/launch-iIzGVx/Listeners', 'SHELL': '/bin/bash', 'ITERM_PROFILE': 'Default', '_': '/opt/local/bin/buildslave', 'OLDPWD': '/Users/sliver/Repository/Application Security/Personal/VulnScan/buildsystem/slaves', '__CF_USER_TEXT_ENCODING': '0x1F5:0:0', 'Apple_Ubiquity_Message': '/tmp/launch-LS5zNf/Apple_Ubiquity_Message', 'PWD': '/Users/sliver/Repository/Application Security/Personal/VulnScan/buildsystem/slaves/example-slave/runtests/source', 'COMMAND_MODE': 'unix2003'}
2012-04-21 20:22:27-0700 [-]   using PTY: False
2012-04-21 20:22:28-0700 [-] command finished with signal None, exit code 0, elapsedTime: 0.862611
2012-04-21 20:22:28-0700 [-] RunProcess._startCommand
2012-04-21 20:22:28-0700 [-]  /Applications/Xcode.app/Contents/Developer/usr/bin/git reset --hard FETCH_HEAD
2012-04-21 20:22:28-0700 [-]   in dir /Users/sliver/Repository/Application Security/Personal/VulnScan/buildsystem/slaves/example-slave/runtests/source (timeout 1200 secs)
2012-04-21 20:22:28-0700 [-]   watching logfiles {}
2012-04-21 20:22:28-0700 [-]   argv: ['/Applications/Xcode.app/Contents/Developer/usr/bin/git', 'reset', '--hard', 'FETCH_HEAD']
2012-04-21 20:22:28-0700 [-]  environment: {'LOGNAME': 'sliver', 'USER': 'sliver', 'PATH': '/opt/local/bin:/opt/local/sbin:/Applications/Xcode.app/Contents/Developer/usr/bin:/Applications/HP-Fortify-3.40-SCA_and_Apps-Mac-x64/bin/:/Applications/Xcode.app/Contents/Developer/usr/bin:/usr/bin:/bin:/usr/sbin:/sbin:/usr/local/bin:/usr/X11/bin', 'HOME': '/Users/sliver', 'DISPLAY': '/tmp/launch-0k1hdI/org.x:0', 'TERM_PROGRAM': 'iTerm.app', 'LANG': 'en_US.UTF-8', 'TERM': 'xterm-256color', 'Apple_PubSub_Socket_Render': '/tmp/launch-KzgWAq/Render', 'COLORFGBG': '7;0', 'SHLVL': '1', 'SECURITYSESSIONID': '186a4', 'ITERM_SESSION_ID': 'w0t4p0', 'TMPDIR': '/var/folders/zw/lckwkh6s2js4xnw3_wxzy4tr0000gn/T/', 'SSH_AUTH_SOCK': '/tmp/launch-iIzGVx/Listeners', 'SHELL': '/bin/bash', 'ITERM_PROFILE': 'Default', '_': '/opt/local/bin/buildslave', 'OLDPWD': '/Users/sliver/Repository/Application Security/Personal/VulnScan/buildsystem/slaves', '__CF_USER_TEXT_ENCODING': '0x1F5:0:0', 'Apple_Ubiquity_Message': '/tmp/launch-LS5zNf/Apple_Ubiquity_Message', 'PWD': '/Users/sliver/Repository/Application Security/Personal/VulnScan/buildsystem/slaves/example-slave/runtests/source', 'COMMAND_MODE': 'unix2003'}
2012-04-21 20:22:28-0700 [-]   using PTY: False
2012-04-21 20:22:28-0700 [-] command finished with signal None, exit code 0, elapsedTime: 0.015645
2012-04-21 20:22:28-0700 [-] RunProcess._startCommand
2012-04-21 20:22:28-0700 [-]  /Applications/Xcode.app/Contents/Developer/usr/bin/git branch -M master
2012-04-21 20:22:28-0700 [-]   in dir /Users/sliver/Repository/Application Security/Personal/VulnScan/buildsystem/slaves/example-slave/runtests/source (timeout 1200 secs)
2012-04-21 20:22:28-0700 [-]   watching logfiles {}
2012-04-21 20:22:28-0700 [-]   argv: ['/Applications/Xcode.app/Contents/Developer/usr/bin/git', 'branch', '-M', 'master']
2012-04-21 20:22:28-0700 [-]  environment: {'LOGNAME': 'sliver', 'USER': 'sliver', 'PATH': '/opt/local/bin:/opt/local/sbin:/Applications/Xcode.app/Contents/Developer/usr/bin:/Applications/HP-Fortify-3.40-SCA_and_Apps-Mac-x64/bin/:/Applications/Xcode.app/Contents/Developer/usr/bin:/usr/bin:/bin:/usr/sbin:/sbin:/usr/local/bin:/usr/X11/bin', 'HOME': '/Users/sliver', 'DISPLAY': '/tmp/launch-0k1hdI/org.x:0', 'TERM_PROGRAM': 'iTerm.app', 'LANG': 'en_US.UTF-8', 'TERM': 'xterm-256color', 'Apple_PubSub_Socket_Render': '/tmp/launch-KzgWAq/Render', 'COLORFGBG': '7;0', 'SHLVL': '1', 'SECURITYSESSIONID': '186a4', 'ITERM_SESSION_ID': 'w0t4p0', 'TMPDIR': '/var/folders/zw/lckwkh6s2js4xnw3_wxzy4tr0000gn/T/', 'SSH_AUTH_SOCK': '/tmp/launch-iIzGVx/Listeners', 'SHELL': '/bin/bash', 'ITERM_PROFILE': 'Default', '_': '/opt/local/bin/buildslave', 'OLDPWD': '/Users/sliver/Repository/Application Security/Personal/VulnScan/buildsystem/slaves', '__CF_USER_TEXT_ENCODING': '0x1F5:0:0', 'Apple_Ubiquity_Message': '/tmp/launch-LS5zNf/Apple_Ubiquity_Message', 'PWD': '/Users/sliver/Repository/Application Security/Personal/VulnScan/buildsystem/slaves/example-slave/runtests/source', 'COMMAND_MODE': 'unix2003'}
2012-04-21 20:22:28-0700 [-]   using PTY: False
2012-04-21 20:22:28-0700 [-] command finished with signal None, exit code 128, elapsedTime: 0.008924
2012-04-21 20:22:28-0700 [-] _checkAbandoned [Failure instance: Traceback: <class 'buildslave.exceptions.AbandonChain'>: 128
	/opt/local/Library/Frameworks/Python.framework/Versions/2.7/lib/python2.7/site-packages/buildslave/runprocess.py:201:processEnded
	/opt/local/Library/Frameworks/Python.framework/Versions/2.7/lib/python2.7/site-packages/buildslave/runprocess.py:681:finished
	/opt/local/Library/Frameworks/Python.framework/Versions/2.7/lib/python2.7/site-packages/twisted/internet/defer.py:362:callback
	/opt/local/Library/Frameworks/Python.framework/Versions/2.7/lib/python2.7/site-packages/twisted/internet/defer.py:458:_startRunCallbacks
	--- <exception caught here> ---
	/opt/local/Library/Frameworks/Python.framework/Versions/2.7/lib/python2.7/site-packages/twisted/internet/defer.py:545:_runCallbacks
	/opt/local/Library/Frameworks/Python.framework/Versions/2.7/lib/python2.7/site-packages/buildslave/commands/base.py:188:_abandonOnFailure
	]
2012-04-21 20:22:28-0700 [-]  abandoning chain 128
2012-04-21 20:22:28-0700 [-] SlaveBuilder.commandComplete <buildslave.commands.git.Git instance at 0x10b225638>
2012-04-21 20:22:52-0700 [Broker,client] lost remote
2012-04-21 20:22:52-0700 [Broker,client] Lost connection to localhost:9989
2012-04-21 20:22:52-0700 [Broker,client] <twisted.internet.tcp.Connector instance at 0x10b217c68> will retry in 2 seconds
2012-04-21 20:22:52-0700 [Broker,client] Stopping factory <buildslave.bot.BotFactory instance at 0x10b217a70>
2012-04-21 20:22:54-0700 [-] Starting factory <buildslave.bot.BotFactory instance at 0x10b217a70>
2012-04-21 20:22:54-0700 [-] Connecting to localhost:9989
2012-04-21 20:22:54-0700 [Uninitialized] Connection to localhost:9989 failed: Connection Refused
2012-04-21 20:22:54-0700 [Uninitialized] <twisted.internet.tcp.Connector instance at 0x10b217c68> will retry in 5 seconds
2012-04-21 20:22:54-0700 [Uninitialized] Stopping factory <buildslave.bot.BotFactory instance at 0x10b217a70>
2012-04-21 20:23:00-0700 [-] Starting factory <buildslave.bot.BotFactory instance at 0x10b217a70>
2012-04-21 20:23:00-0700 [-] Connecting to localhost:9989
2012-04-21 20:23:00-0700 [Uninitialized] Connection to localhost:9989 failed: Connection Refused
2012-04-21 20:23:00-0700 [Uninitialized] <twisted.internet.tcp.Connector instance at 0x10b217c68> will retry in 16 seconds
2012-04-21 20:23:00-0700 [Uninitialized] Stopping factory <buildslave.bot.BotFactory instance at 0x10b217a70>
2012-04-21 20:23:16-0700 [-] Starting factory <buildslave.bot.BotFactory instance at 0x10b217a70>
2012-04-21 20:23:16-0700 [-] Connecting to localhost:9989
2012-04-21 20:23:16-0700 [Uninitialized] Connection to localhost:9989 failed: Connection Refused
2012-04-21 20:23:16-0700 [Uninitialized] <twisted.internet.tcp.Connector instance at 0x10b217c68> will retry in 52 seconds
2012-04-21 20:23:16-0700 [Uninitialized] Stopping factory <buildslave.bot.BotFactory instance at 0x10b217a70>
2012-04-21 20:24:08-0700 [-] Starting factory <buildslave.bot.BotFactory instance at 0x10b217a70>
2012-04-21 20:24:08-0700 [-] Connecting to localhost:9989
2012-04-21 20:24:08-0700 [Uninitialized] Connection to localhost:9989 failed: Connection Refused
2012-04-21 20:24:08-0700 [Uninitialized] <twisted.internet.tcp.Connector instance at 0x10b217c68> will retry in 150 seconds
2012-04-21 20:24:08-0700 [Uninitialized] Stopping factory <buildslave.bot.BotFactory instance at 0x10b217a70>
2012-04-21 20:26:08-0700 [-] connection attempt timed out (is the port number correct?)
2012-04-21 20:26:38-0700 [-] Starting factory <buildslave.bot.BotFactory instance at 0x10b217a70>
2012-04-21 20:26:38-0700 [-] Connecting to localhost:9989
2012-04-21 20:26:38-0700 [Uninitialized] Connection to localhost:9989 failed: Connection Refused
2012-04-21 20:26:38-0700 [Uninitialized] <twisted.internet.tcp.Connector instance at 0x10b217c68> will retry in 256 seconds
2012-04-21 20:26:38-0700 [Uninitialized] Stopping factory <buildslave.bot.BotFactory instance at 0x10b217a70>
2012-04-21 20:28:38-0700 [-] connection attempt timed out (is the port number correct?)
2012-04-21 20:30:55-0700 [-] Starting factory <buildslave.bot.BotFactory instance at 0x10b217a70>
2012-04-21 20:30:55-0700 [-] Connecting to localhost:9989
2012-04-21 20:30:55-0700 [Uninitialized] Connection to localhost:9989 failed: Connection Refused
2012-04-21 20:30:55-0700 [Uninitialized] <twisted.internet.tcp.Connector instance at 0x10b217c68> will retry in 331 seconds
2012-04-21 20:30:55-0700 [Uninitialized] Stopping factory <buildslave.bot.BotFactory instance at 0x10b217a70>
2012-04-21 20:32:55-0700 [-] connection attempt timed out (is the port number correct?)
2012-04-21 20:36:26-0700 [-] Starting factory <buildslave.bot.BotFactory instance at 0x10b217a70>
2012-04-21 20:36:26-0700 [-] Connecting to localhost:9989
2012-04-21 20:36:26-0700 [Uninitialized] Connection to localhost:9989 failed: Connection Refused
2012-04-21 20:36:26-0700 [Uninitialized] <twisted.internet.tcp.Connector instance at 0x10b217c68> will retry in 304 seconds
2012-04-21 20:36:26-0700 [Uninitialized] Stopping factory <buildslave.bot.BotFactory instance at 0x10b217a70>
2012-04-21 20:38:26-0700 [-] connection attempt timed out (is the port number correct?)
2012-04-21 20:41:30-0700 [-] Starting factory <buildslave.bot.BotFactory instance at 0x10b217a70>
2012-04-21 20:41:30-0700 [-] Connecting to localhost:9989
2012-04-21 20:41:30-0700 [Uninitialized] Connection to localhost:9989 failed: Connection Refused
2012-04-21 20:41:30-0700 [Uninitialized] <twisted.internet.tcp.Connector instance at 0x10b217c68> will retry in 242 seconds
2012-04-21 20:41:30-0700 [Uninitialized] Stopping factory <buildslave.bot.BotFactory instance at 0x10b217a70>
2012-04-21 20:43:30-0700 [-] connection attempt timed out (is the port number correct?)
2012-04-21 20:45:33-0700 [-] Starting factory <buildslave.bot.BotFactory instance at 0x10b217a70>
2012-04-21 20:45:33-0700 [-] Connecting to localhost:9989
2012-04-21 20:45:33-0700 [Uninitialized] Connection to localhost:9989 failed: Connection Refused
2012-04-21 20:45:33-0700 [Uninitialized] <twisted.internet.tcp.Connector instance at 0x10b217c68> will retry in 301 seconds
2012-04-21 20:45:33-0700 [Uninitialized] Stopping factory <buildslave.bot.BotFactory instance at 0x10b217a70>
2012-04-21 20:47:33-0700 [-] connection attempt timed out (is the port number correct?)
2012-04-21 20:50:34-0700 [-] Starting factory <buildslave.bot.BotFactory instance at 0x10b217a70>
2012-04-21 20:50:34-0700 [-] Connecting to localhost:9989
2012-04-21 20:50:34-0700 [Uninitialized] Connection to localhost:9989 failed: Connection Refused
2012-04-21 20:50:34-0700 [Uninitialized] <twisted.internet.tcp.Connector instance at 0x10b217c68> will retry in 330 seconds
2012-04-21 20:50:34-0700 [Uninitialized] Stopping factory <buildslave.bot.BotFactory instance at 0x10b217a70>
2012-04-21 20:52:34-0700 [-] connection attempt timed out (is the port number correct?)
2012-04-21 20:56:05-0700 [-] Starting factory <buildslave.bot.BotFactory instance at 0x10b217a70>
2012-04-21 20:56:05-0700 [-] Connecting to localhost:9989
2012-04-21 20:56:05-0700 [Uninitialized] Connection to localhost:9989 failed: Connection Refused
2012-04-21 20:56:05-0700 [Uninitialized] <twisted.internet.tcp.Connector instance at 0x10b217c68> will retry in 288 seconds
2012-04-21 20:56:05-0700 [Uninitialized] Stopping factory <buildslave.bot.BotFactory instance at 0x10b217a70>
2012-04-21 20:58:05-0700 [-] connection attempt timed out (is the port number correct?)
2012-04-21 21:00:53-0700 [-] Starting factory <buildslave.bot.BotFactory instance at 0x10b217a70>
2012-04-21 21:00:53-0700 [-] Connecting to localhost:9989
2012-04-21 21:00:53-0700 [Uninitialized] Connection to localhost:9989 failed: Connection Refused
2012-04-21 21:00:53-0700 [Uninitialized] <twisted.internet.tcp.Connector instance at 0x10b217c68> will retry in 362 seconds
2012-04-21 21:00:53-0700 [Uninitialized] Stopping factory <buildslave.bot.BotFactory instance at 0x10b217a70>
2012-04-21 21:02:53-0700 [-] connection attempt timed out (is the port number correct?)
2012-04-21 21:06:56-0700 [-] Starting factory <buildslave.bot.BotFactory instance at 0x10b217a70>
2012-04-21 21:06:56-0700 [-] Connecting to localhost:9989
2012-04-21 21:06:56-0700 [Uninitialized] Connection to localhost:9989 failed: Connection Refused
2012-04-21 21:06:56-0700 [Uninitialized] <twisted.internet.tcp.Connector instance at 0x10b217c68> will retry in 289 seconds
2012-04-21 21:06:56-0700 [Uninitialized] Stopping factory <buildslave.bot.BotFactory instance at 0x10b217a70>
2012-04-21 21:08:56-0700 [-] connection attempt timed out (is the port number correct?)
2012-04-21 21:11:46-0700 [-] Starting factory <buildslave.bot.BotFactory instance at 0x10b217a70>
2012-04-21 21:11:46-0700 [-] Connecting to localhost:9989
2012-04-21 21:11:46-0700 [Uninitialized] Connection to localhost:9989 failed: Connection Refused
2012-04-21 21:11:46-0700 [Uninitialized] <twisted.internet.tcp.Connector instance at 0x10b217c68> will retry in 216 seconds
2012-04-21 21:11:46-0700 [Uninitialized] Stopping factory <buildslave.bot.BotFactory instance at 0x10b217a70>
2012-04-21 21:13:46-0700 [-] connection attempt timed out (is the port number correct?)
2012-04-21 21:27:58-0700 [-] Starting factory <buildslave.bot.BotFactory instance at 0x10b217a70>
2012-04-21 21:27:58-0700 [-] Connecting to localhost:9989
2012-04-21 21:27:58-0700 [Uninitialized] Connection to localhost:9989 failed: Connection Refused
2012-04-21 21:27:58-0700 [Uninitialized] <twisted.internet.tcp.Connector instance at 0x10b217c68> will retry in 264 seconds
2012-04-21 21:27:58-0700 [Uninitialized] Stopping factory <buildslave.bot.BotFactory instance at 0x10b217a70>
2012-04-21 21:29:58-0700 [-] connection attempt timed out (is the port number correct?)
2012-04-21 22:53:06-0700 [-] Starting factory <buildslave.bot.BotFactory instance at 0x10b217a70>
2012-04-21 22:53:06-0700 [-] Connecting to localhost:9989
2012-04-21 22:53:06-0700 [Uninitialized] Connection to localhost:9989 failed: Connection Refused
2012-04-21 22:53:06-0700 [Uninitialized] <twisted.internet.tcp.Connector instance at 0x10b217c68> will retry in 303 seconds
2012-04-21 22:53:06-0700 [Uninitialized] Stopping factory <buildslave.bot.BotFactory instance at 0x10b217a70>
2012-04-21 22:55:06-0700 [-] connection attempt timed out (is the port number correct?)
2012-04-21 22:58:09-0700 [-] Starting factory <buildslave.bot.BotFactory instance at 0x10b217a70>
2012-04-21 22:58:09-0700 [-] Connecting to localhost:9989
2012-04-21 22:58:09-0700 [Uninitialized] Connection to localhost:9989 failed: Connection Refused
2012-04-21 22:58:09-0700 [Uninitialized] <twisted.internet.tcp.Connector instance at 0x10b217c68> will retry in 285 seconds
2012-04-21 22:58:09-0700 [Uninitialized] Stopping factory <buildslave.bot.BotFactory instance at 0x10b217a70>
2012-04-21 23:00:09-0700 [-] connection attempt timed out (is the port number correct?)
2012-04-21 23:02:55-0700 [-] Starting factory <buildslave.bot.BotFactory instance at 0x10b217a70>
2012-04-21 23:02:55-0700 [-] Connecting to localhost:9989
2012-04-21 23:02:55-0700 [Uninitialized] Connection to localhost:9989 failed: Connection Refused
2012-04-21 23:02:55-0700 [Uninitialized] <twisted.internet.tcp.Connector instance at 0x10b217c68> will retry in 304 seconds
2012-04-21 23:02:55-0700 [Uninitialized] Stopping factory <buildslave.bot.BotFactory instance at 0x10b217a70>
2012-04-21 23:04:55-0700 [-] connection attempt timed out (is the port number correct?)
2012-04-21 23:07:59-0700 [-] Starting factory <buildslave.bot.BotFactory instance at 0x10b217a70>
2012-04-21 23:07:59-0700 [-] Connecting to localhost:9989
2012-04-21 23:07:59-0700 [Uninitialized] Connection to localhost:9989 failed: Connection Refused
2012-04-21 23:07:59-0700 [Uninitialized] <twisted.internet.tcp.Connector instance at 0x10b217c68> will retry in 298 seconds
2012-04-21 23:07:59-0700 [Uninitialized] Stopping factory <buildslave.bot.BotFactory instance at 0x10b217a70>
2012-04-21 23:09:59-0700 [-] connection attempt timed out (is the port number correct?)
2012-04-21 23:12:57-0700 [-] Starting factory <buildslave.bot.BotFactory instance at 0x10b217a70>
2012-04-21 23:12:57-0700 [-] Connecting to localhost:9989
2012-04-21 23:12:57-0700 [Broker,client] message from master: attached
2012-04-21 23:12:57-0700 [Broker,client] SlaveBuilder.remote_print(runtests): message from master: attached
2012-04-21 23:12:57-0700 [Broker,client] Connected to localhost:9989; slave is ready
2012-04-21 23:12:57-0700 [Broker,client] sending application-level keepalives every 600 seconds
2012-04-21 23:15:59-0700 [Broker,client] lost remote
2012-04-21 23:15:59-0700 [Broker,client] Lost connection to localhost:9989
2012-04-21 23:15:59-0700 [Broker,client] <twisted.internet.tcp.Connector instance at 0x10b217c68> will retry in 2 seconds
2012-04-21 23:15:59-0700 [Broker,client] Stopping factory <buildslave.bot.BotFactory instance at 0x10b217a70>
2012-04-21 23:16:02-0700 [-] Starting factory <buildslave.bot.BotFactory instance at 0x10b217a70>
2012-04-21 23:16:02-0700 [-] Connecting to localhost:9989
2012-04-21 23:16:02-0700 [Uninitialized] Connection to localhost:9989 failed: Connection Refused
2012-04-21 23:16:02-0700 [Uninitialized] <twisted.internet.tcp.Connector instance at 0x10b217c68> will retry in 8 seconds
2012-04-21 23:16:02-0700 [Uninitialized] Stopping factory <buildslave.bot.BotFactory instance at 0x10b217a70>
2012-04-21 23:16:10-0700 [-] Starting factory <buildslave.bot.BotFactory instance at 0x10b217a70>
2012-04-21 23:16:10-0700 [-] Connecting to localhost:9989
2012-04-21 23:16:10-0700 [Broker,client] message from master: attached
2012-04-21 23:16:10-0700 [Broker,client] SlaveBuilder.remote_print(runtests): message from master: attached
2012-04-21 23:16:10-0700 [Broker,client] Connected to localhost:9989; slave is ready
2012-04-21 23:16:10-0700 [Broker,client] sending application-level keepalives every 600 seconds
2012-04-21 23:26:10-0700 [-] sending app-level keepalive
2012-04-21 23:34:30-0700 [Broker,client] lost remote
2012-04-21 23:34:30-0700 [Broker,client] Lost connection to localhost:9989
2012-04-21 23:34:30-0700 [Broker,client] <twisted.internet.tcp.Connector instance at 0x10b217c68> will retry in 2 seconds
2012-04-21 23:34:30-0700 [Broker,client] Stopping factory <buildslave.bot.BotFactory instance at 0x10b217a70>
2012-04-21 23:34:33-0700 [-] Starting factory <buildslave.bot.BotFactory instance at 0x10b217a70>
2012-04-21 23:34:33-0700 [-] Connecting to localhost:9989
2012-04-21 23:34:33-0700 [Uninitialized] Connection to localhost:9989 failed: Connection Refused
2012-04-21 23:34:33-0700 [Uninitialized] <twisted.internet.tcp.Connector instance at 0x10b217c68> will retry in 6 seconds
2012-04-21 23:34:33-0700 [Uninitialized] Stopping factory <buildslave.bot.BotFactory instance at 0x10b217a70>
2012-04-21 23:34:39-0700 [-] Starting factory <buildslave.bot.BotFactory instance at 0x10b217a70>
2012-04-21 23:34:39-0700 [-] Connecting to localhost:9989
2012-04-21 23:34:39-0700 [Uninitialized] Connection to localhost:9989 failed: Connection Refused
2012-04-21 23:34:39-0700 [Uninitialized] <twisted.internet.tcp.Connector instance at 0x10b217c68> will retry in 12 seconds
2012-04-21 23:34:39-0700 [Uninitialized] Stopping factory <buildslave.bot.BotFactory instance at 0x10b217a70>
2012-04-21 23:34:51-0700 [-] Starting factory <buildslave.bot.BotFactory instance at 0x10b217a70>
2012-04-21 23:34:51-0700 [-] Connecting to localhost:9989
2012-04-21 23:34:51-0700 [Uninitialized] Connection to localhost:9989 failed: Connection Refused
2012-04-21 23:34:51-0700 [Uninitialized] <twisted.internet.tcp.Connector instance at 0x10b217c68> will retry in 32 seconds
2012-04-21 23:34:51-0700 [Uninitialized] Stopping factory <buildslave.bot.BotFactory instance at 0x10b217a70>
2012-04-21 23:35:24-0700 [-] Starting factory <buildslave.bot.BotFactory instance at 0x10b217a70>
2012-04-21 23:35:24-0700 [-] Connecting to localhost:9989
2012-04-21 23:35:24-0700 [Uninitialized] Connection to localhost:9989 failed: Connection Refused
2012-04-21 23:35:24-0700 [Uninitialized] <twisted.internet.tcp.Connector instance at 0x10b217c68> will retry in 88 seconds
2012-04-21 23:35:24-0700 [Uninitialized] Stopping factory <buildslave.bot.BotFactory instance at 0x10b217a70>
2012-04-21 23:36:53-0700 [-] Starting factory <buildslave.bot.BotFactory instance at 0x10b217a70>
2012-04-21 23:36:53-0700 [-] Connecting to localhost:9989
2012-04-21 23:36:53-0700 [Uninitialized] Connection to localhost:9989 failed: Connection Refused
2012-04-21 23:36:53-0700 [Uninitialized] <twisted.internet.tcp.Connector instance at 0x10b217c68> will retry in 183 seconds
2012-04-21 23:36:53-0700 [Uninitialized] Stopping factory <buildslave.bot.BotFactory instance at 0x10b217a70>
2012-04-21 23:38:53-0700 [-] connection attempt timed out (is the port number correct?)
2012-04-21 23:39:56-0700 [-] Starting factory <buildslave.bot.BotFactory instance at 0x10b217a70>
2012-04-21 23:39:56-0700 [-] Connecting to localhost:9989
2012-04-21 23:39:56-0700 [Uninitialized] Connection to localhost:9989 failed: Connection Refused
2012-04-21 23:39:56-0700 [Uninitialized] <twisted.internet.tcp.Connector instance at 0x10b217c68> will retry in 350 seconds
2012-04-21 23:39:56-0700 [Uninitialized] Stopping factory <buildslave.bot.BotFactory instance at 0x10b217a70>
2012-04-21 23:41:56-0700 [-] connection attempt timed out (is the port number correct?)
2012-04-21 23:45:47-0700 [-] Starting factory <buildslave.bot.BotFactory instance at 0x10b217a70>
2012-04-21 23:45:47-0700 [-] Connecting to localhost:9989
2012-04-21 23:45:47-0700 [Uninitialized] Connection to localhost:9989 failed: Connection Refused
2012-04-21 23:45:47-0700 [Uninitialized] <twisted.internet.tcp.Connector instance at 0x10b217c68> will retry in 320 seconds
2012-04-21 23:45:47-0700 [Uninitialized] Stopping factory <buildslave.bot.BotFactory instance at 0x10b217a70>
2012-04-21 23:47:47-0700 [-] connection attempt timed out (is the port number correct?)
2012-04-21 23:51:08-0700 [-] Starting factory <buildslave.bot.BotFactory instance at 0x10b217a70>
2012-04-21 23:51:08-0700 [-] Connecting to localhost:9989
2012-04-21 23:51:08-0700 [Uninitialized] Connection to localhost:9989 failed: Connection Refused
2012-04-21 23:51:08-0700 [Uninitialized] <twisted.internet.tcp.Connector instance at 0x10b217c68> will retry in 272 seconds
2012-04-21 23:51:08-0700 [Uninitialized] Stopping factory <buildslave.bot.BotFactory instance at 0x10b217a70>
2012-04-21 23:53:08-0700 [-] connection attempt timed out (is the port number correct?)
2012-04-21 23:55:40-0700 [-] Starting factory <buildslave.bot.BotFactory instance at 0x10b217a70>
2012-04-21 23:55:40-0700 [-] Connecting to localhost:9989
2012-04-21 23:55:40-0700 [Uninitialized] Connection to localhost:9989 failed: Connection Refused
2012-04-21 23:55:40-0700 [Uninitialized] <twisted.internet.tcp.Connector instance at 0x10b217c68> will retry in 293 seconds
2012-04-21 23:55:40-0700 [Uninitialized] Stopping factory <buildslave.bot.BotFactory instance at 0x10b217a70>
2012-04-21 23:57:40-0700 [-] connection attempt timed out (is the port number correct?)
2012-04-22 00:03:06-0700 [-] Starting factory <buildslave.bot.BotFactory instance at 0x10b217a70>
2012-04-22 00:03:06-0700 [-] Connecting to localhost:9989
2012-04-22 00:03:06-0700 [Uninitialized] Connection to localhost:9989 failed: Connection Refused
2012-04-22 00:03:06-0700 [Uninitialized] <twisted.internet.tcp.Connector instance at 0x10b217c68> will retry in 288 seconds
2012-04-22 00:03:06-0700 [Uninitialized] Stopping factory <buildslave.bot.BotFactory instance at 0x10b217a70>
2012-04-22 00:05:06-0700 [-] connection attempt timed out (is the port number correct?)
2012-04-22 00:07:54-0700 [-] Starting factory <buildslave.bot.BotFactory instance at 0x10b217a70>
2012-04-22 00:07:54-0700 [-] Connecting to localhost:9989
2012-04-22 00:07:54-0700 [Uninitialized] Connection to localhost:9989 failed: Connection Refused
2012-04-22 00:07:54-0700 [Uninitialized] <twisted.internet.tcp.Connector instance at 0x10b217c68> will retry in 231 seconds
2012-04-22 00:07:54-0700 [Uninitialized] Stopping factory <buildslave.bot.BotFactory instance at 0x10b217a70>
2012-04-22 00:09:54-0700 [-] connection attempt timed out (is the port number correct?)
2012-04-22 00:11:45-0700 [-] Starting factory <buildslave.bot.BotFactory instance at 0x10b217a70>
2012-04-22 00:11:45-0700 [-] Connecting to localhost:9989
2012-04-22 00:11:45-0700 [Uninitialized] Connection to localhost:9989 failed: Connection Refused
2012-04-22 00:11:45-0700 [Uninitialized] <twisted.internet.tcp.Connector instance at 0x10b217c68> will retry in 310 seconds
2012-04-22 00:11:45-0700 [Uninitialized] Stopping factory <buildslave.bot.BotFactory instance at 0x10b217a70>
2012-04-22 00:15:14-0700 [-] connection attempt timed out (is the port number correct?)
2012-04-22 00:16:56-0700 [-] Starting factory <buildslave.bot.BotFactory instance at 0x10b217a70>
2012-04-22 00:16:56-0700 [-] Connecting to localhost:9989
2012-04-22 00:16:56-0700 [Uninitialized] Connection to localhost:9989 failed: Connection Refused
2012-04-22 00:16:56-0700 [Uninitialized] <twisted.internet.tcp.Connector instance at 0x10b217c68> will retry in 353 seconds
2012-04-22 00:16:56-0700 [Uninitialized] Stopping factory <buildslave.bot.BotFactory instance at 0x10b217a70>
2012-04-22 00:18:56-0700 [-] connection attempt timed out (is the port number correct?)
2012-04-22 00:22:49-0700 [-] Starting factory <buildslave.bot.BotFactory instance at 0x10b217a70>
2012-04-22 00:22:49-0700 [-] Connecting to localhost:9989
2012-04-22 00:22:49-0700 [Uninitialized] Connection to localhost:9989 failed: Connection Refused
2012-04-22 00:22:49-0700 [Uninitialized] <twisted.internet.tcp.Connector instance at 0x10b217c68> will retry in 351 seconds
2012-04-22 00:22:49-0700 [Uninitialized] Stopping factory <buildslave.bot.BotFactory instance at 0x10b217a70>
2012-04-22 00:24:49-0700 [-] connection attempt timed out (is the port number correct?)
2012-04-22 00:28:40-0700 [-] Starting factory <buildslave.bot.BotFactory instance at 0x10b217a70>
2012-04-22 00:28:40-0700 [-] Connecting to localhost:9989
2012-04-22 00:28:40-0700 [Uninitialized] Connection to localhost:9989 failed: Connection Refused
2012-04-22 00:28:40-0700 [Uninitialized] <twisted.internet.tcp.Connector instance at 0x10b217c68> will retry in 357 seconds
2012-04-22 00:28:40-0700 [Uninitialized] Stopping factory <buildslave.bot.BotFactory instance at 0x10b217a70>
2012-04-22 00:30:40-0700 [-] connection attempt timed out (is the port number correct?)
2012-04-22 00:34:38-0700 [-] Starting factory <buildslave.bot.BotFactory instance at 0x10b217a70>
2012-04-22 00:34:38-0700 [-] Connecting to localhost:9989
2012-04-22 00:34:38-0700 [Uninitialized] Connection to localhost:9989 failed: Connection Refused
2012-04-22 00:34:38-0700 [Uninitialized] <twisted.internet.tcp.Connector instance at 0x10b217c68> will retry in 255 seconds
2012-04-22 00:34:38-0700 [Uninitialized] Stopping factory <buildslave.bot.BotFactory instance at 0x10b217a70>
2012-04-22 00:36:38-0700 [-] connection attempt timed out (is the port number correct?)
2012-04-22 00:38:54-0700 [-] Starting factory <buildslave.bot.BotFactory instance at 0x10b217a70>
2012-04-22 00:38:54-0700 [-] Connecting to localhost:9989
2012-04-22 00:38:54-0700 [Uninitialized] Connection to localhost:9989 failed: Connection Refused
2012-04-22 00:38:54-0700 [Uninitialized] <twisted.internet.tcp.Connector instance at 0x10b217c68> will retry in 286 seconds
2012-04-22 00:38:54-0700 [Uninitialized] Stopping factory <buildslave.bot.BotFactory instance at 0x10b217a70>
2012-04-22 00:40:54-0700 [-] connection attempt timed out (is the port number correct?)
2012-04-22 00:43:40-0700 [-] Starting factory <buildslave.bot.BotFactory instance at 0x10b217a70>
2012-04-22 00:43:40-0700 [-] Connecting to localhost:9989
2012-04-22 00:43:40-0700 [Uninitialized] Connection to localhost:9989 failed: Connection Refused
2012-04-22 00:43:40-0700 [Uninitialized] <twisted.internet.tcp.Connector instance at 0x10b217c68> will retry in 268 seconds
2012-04-22 00:43:40-0700 [Uninitialized] Stopping factory <buildslave.bot.BotFactory instance at 0x10b217a70>
2012-04-22 00:45:40-0700 [-] connection attempt timed out (is the port number correct?)
2012-04-22 00:48:09-0700 [-] Starting factory <buildslave.bot.BotFactory instance at 0x10b217a70>
2012-04-22 00:48:09-0700 [-] Connecting to localhost:9989
2012-04-22 00:48:09-0700 [Uninitialized] Connection to localhost:9989 failed: Connection Refused
2012-04-22 00:48:09-0700 [Uninitialized] <twisted.internet.tcp.Connector instance at 0x10b217c68> will retry in 309 seconds
2012-04-22 00:48:09-0700 [Uninitialized] Stopping factory <buildslave.bot.BotFactory instance at 0x10b217a70>
2012-04-22 00:50:09-0700 [-] connection attempt timed out (is the port number correct?)
2012-04-22 00:53:18-0700 [-] Starting factory <buildslave.bot.BotFactory instance at 0x10b217a70>
2012-04-22 00:53:18-0700 [-] Connecting to localhost:9989
2012-04-22 00:53:18-0700 [Uninitialized] Connection to localhost:9989 failed: Connection Refused
2012-04-22 00:53:18-0700 [Uninitialized] <twisted.internet.tcp.Connector instance at 0x10b217c68> will retry in 298 seconds
2012-04-22 00:53:18-0700 [Uninitialized] Stopping factory <buildslave.bot.BotFactory instance at 0x10b217a70>
2012-04-22 00:55:18-0700 [-] connection attempt timed out (is the port number correct?)
2012-04-22 00:58:17-0700 [-] Starting factory <buildslave.bot.BotFactory instance at 0x10b217a70>
2012-04-22 00:58:17-0700 [-] Connecting to localhost:9989
2012-04-22 00:58:17-0700 [Uninitialized] Connection to localhost:9989 failed: Connection Refused
2012-04-22 00:58:17-0700 [Uninitialized] <twisted.internet.tcp.Connector instance at 0x10b217c68> will retry in 290 seconds
2012-04-22 00:58:17-0700 [Uninitialized] Stopping factory <buildslave.bot.BotFactory instance at 0x10b217a70>
2012-04-22 01:00:17-0700 [-] connection attempt timed out (is the port number correct?)
2012-04-22 01:03:07-0700 [-] Starting factory <buildslave.bot.BotFactory instance at 0x10b217a70>
2012-04-22 01:03:07-0700 [-] Connecting to localhost:9989
2012-04-22 01:03:07-0700 [Uninitialized] Connection to localhost:9989 failed: Connection Refused
2012-04-22 01:03:07-0700 [Uninitialized] <twisted.internet.tcp.Connector instance at 0x10b217c68> will retry in 337 seconds
2012-04-22 01:03:07-0700 [Uninitialized] Stopping factory <buildslave.bot.BotFactory instance at 0x10b217a70>
2012-04-22 01:05:07-0700 [-] connection attempt timed out (is the port number correct?)
2012-04-22 01:08:44-0700 [-] Starting factory <buildslave.bot.BotFactory instance at 0x10b217a70>
2012-04-22 01:08:44-0700 [-] Connecting to localhost:9989
2012-04-22 01:08:44-0700 [Uninitialized] Connection to localhost:9989 failed: Connection Refused
2012-04-22 01:08:44-0700 [Uninitialized] <twisted.internet.tcp.Connector instance at 0x10b217c68> will retry in 336 seconds
2012-04-22 01:08:44-0700 [Uninitialized] Stopping factory <buildslave.bot.BotFactory instance at 0x10b217a70>
2012-04-22 01:10:44-0700 [-] connection attempt timed out (is the port number correct?)
2012-04-22 01:14:21-0700 [-] Starting factory <buildslave.bot.BotFactory instance at 0x10b217a70>
2012-04-22 01:14:21-0700 [-] Connecting to localhost:9989
2012-04-22 01:14:21-0700 [Uninitialized] Connection to localhost:9989 failed: Connection Refused
2012-04-22 01:14:21-0700 [Uninitialized] <twisted.internet.tcp.Connector instance at 0x10b217c68> will retry in 299 seconds
2012-04-22 01:14:21-0700 [Uninitialized] Stopping factory <buildslave.bot.BotFactory instance at 0x10b217a70>
2012-04-22 01:16:21-0700 [-] connection attempt timed out (is the port number correct?)
2012-04-22 01:19:20-0700 [-] Starting factory <buildslave.bot.BotFactory instance at 0x10b217a70>
2012-04-22 01:19:20-0700 [-] Connecting to localhost:9989
2012-04-22 01:19:20-0700 [Uninitialized] Connection to localhost:9989 failed: Connection Refused
2012-04-22 01:19:20-0700 [Uninitialized] <twisted.internet.tcp.Connector instance at 0x10b217c68> will retry in 284 seconds
2012-04-22 01:19:20-0700 [Uninitialized] Stopping factory <buildslave.bot.BotFactory instance at 0x10b217a70>
2012-04-22 01:21:20-0700 [-] connection attempt timed out (is the port number correct?)
2012-04-22 01:24:05-0700 [-] Starting factory <buildslave.bot.BotFactory instance at 0x10b217a70>
2012-04-22 01:24:05-0700 [-] Connecting to localhost:9989
2012-04-22 01:24:05-0700 [Uninitialized] Connection to localhost:9989 failed: Connection Refused
2012-04-22 01:24:05-0700 [Uninitialized] <twisted.internet.tcp.Connector instance at 0x10b217c68> will retry in 300 seconds
2012-04-22 01:24:05-0700 [Uninitialized] Stopping factory <buildslave.bot.BotFactory instance at 0x10b217a70>
2012-04-22 01:26:05-0700 [-] connection attempt timed out (is the port number correct?)
2012-04-22 01:29:05-0700 [-] Starting factory <buildslave.bot.BotFactory instance at 0x10b217a70>
2012-04-22 01:29:05-0700 [-] Connecting to localhost:9989
2012-04-22 01:29:05-0700 [Uninitialized] Connection to localhost:9989 failed: Connection Refused
2012-04-22 01:29:05-0700 [Uninitialized] <twisted.internet.tcp.Connector instance at 0x10b217c68> will retry in 288 seconds
2012-04-22 01:29:05-0700 [Uninitialized] Stopping factory <buildslave.bot.BotFactory instance at 0x10b217a70>
2012-04-22 01:31:05-0700 [-] connection attempt timed out (is the port number correct?)
2012-04-22 01:33:53-0700 [-] Starting factory <buildslave.bot.BotFactory instance at 0x10b217a70>
2012-04-22 01:33:53-0700 [-] Connecting to localhost:9989
2012-04-22 01:33:53-0700 [Uninitialized] Connection to localhost:9989 failed: Connection Refused
2012-04-22 01:33:53-0700 [Uninitialized] <twisted.internet.tcp.Connector instance at 0x10b217c68> will retry in 288 seconds
2012-04-22 01:33:53-0700 [Uninitialized] Stopping factory <buildslave.bot.BotFactory instance at 0x10b217a70>
2012-04-22 01:35:53-0700 [-] connection attempt timed out (is the port number correct?)
2012-04-22 01:38:42-0700 [-] Starting factory <buildslave.bot.BotFactory instance at 0x10b217a70>
2012-04-22 01:38:42-0700 [-] Connecting to localhost:9989
2012-04-22 01:38:42-0700 [Uninitialized] Connection to localhost:9989 failed: Connection Refused
2012-04-22 01:38:42-0700 [Uninitialized] <twisted.internet.tcp.Connector instance at 0x10b217c68> will retry in 337 seconds
2012-04-22 01:38:42-0700 [Uninitialized] Stopping factory <buildslave.bot.BotFactory instance at 0x10b217a70>
2012-04-22 01:40:42-0700 [-] connection attempt timed out (is the port number correct?)
2012-04-22 01:44:19-0700 [-] Starting factory <buildslave.bot.BotFactory instance at 0x10b217a70>
2012-04-22 01:44:19-0700 [-] Connecting to localhost:9989
2012-04-22 01:44:19-0700 [Uninitialized] Connection to localhost:9989 failed: Connection Refused
2012-04-22 01:44:19-0700 [Uninitialized] <twisted.internet.tcp.Connector instance at 0x10b217c68> will retry in 306 seconds
2012-04-22 01:44:19-0700 [Uninitialized] Stopping factory <buildslave.bot.BotFactory instance at 0x10b217a70>
2012-04-22 02:55:19-0700 [-] connection attempt timed out (is the port number correct?)
2012-04-22 02:55:19-0700 [-] Starting factory <buildslave.bot.BotFactory instance at 0x10b217a70>
2012-04-22 02:55:19-0700 [-] Connecting to localhost:9989
2012-04-22 02:55:19-0700 [Uninitialized] Connection to localhost:9989 failed: Connection Refused
2012-04-22 02:55:19-0700 [Uninitialized] <twisted.internet.tcp.Connector instance at 0x10b217c68> will retry in 417 seconds
2012-04-22 02:55:19-0700 [Uninitialized] Stopping factory <buildslave.bot.BotFactory instance at 0x10b217a70>
