2012-04-21 20:21:11-0700 [-] Log opened.
2012-04-21 20:21:11-0700 [-] twistd 11.1.0 (/opt/local/Library/Frameworks/Python.framework/Versions/2.7/Resources/Python.app/Contents/MacOS/Python 2.7.3) starting up.
2012-04-21 20:21:11-0700 [-] reactor class: twisted.internet.selectreactor.SelectReactor.
2012-04-21 20:21:11-0700 [-] Applying patch for http://twistedmatrix.com/trac/ticket/5079
2012-04-21 20:21:11-0700 [-] Creating BuildMaster -- buildbot.version: 0.8.5
2012-04-21 20:21:11-0700 [-] loading configuration from /Users/sliver/Repository/Application Security/Personal/VulnScan/buildsystem/master.cfg
2012-04-21 20:21:11-0700 [-] unable to open config file '/Users/sliver/Repository/Application Security/Personal/VulnScan/buildsystem/master.cfg'
2012-04-21 20:21:11-0700 [-] leaving old configuration in place
2012-04-21 20:21:11-0700 [-] Unhandled Error
	Traceback (most recent call last):
	Failure: exceptions.IOError: [Errno 2] No such file or directory: '/Users/sliver/Repository/Application Security/Personal/VulnScan/buildsystem/master.cfg'
	
2012-04-21 20:21:27-0700 [-] Received SIGTERM, shutting down.
2012-04-21 20:21:27-0700 [-] Main loop terminated.
2012-04-21 20:21:27-0700 [-] Server Shut Down.
2012-04-21 20:21:30-0700 [-] Log opened.
2012-04-21 20:21:30-0700 [-] twistd 11.1.0 (/opt/local/Library/Frameworks/Python.framework/Versions/2.7/Resources/Python.app/Contents/MacOS/Python 2.7.3) starting up.
2012-04-21 20:21:30-0700 [-] reactor class: twisted.internet.selectreactor.SelectReactor.
2012-04-21 20:21:30-0700 [-] Applying patch for http://twistedmatrix.com/trac/ticket/5079
2012-04-21 20:21:30-0700 [-] Creating BuildMaster -- buildbot.version: 0.8.5
2012-04-21 20:21:30-0700 [-] loading configuration from /Users/sliver/Repository/Application Security/Personal/VulnScan/buildsystem/master.cfg
2012-04-21 20:21:30-0700 [-] configuration update started
2012-04-21 20:21:30-0700 [-] setting database journal mode to 'wal'
2012-04-21 20:21:30-0700 [-] Using SQLite Version (3, 7, 11)
2012-04-21 20:21:30-0700 [-] PBServerFactory starting on 9989
2012-04-21 20:21:30-0700 [-] Starting factory <twisted.spread.pb.PBServerFactory instance at 0x1037cf8c0>
2012-04-21 20:21:30-0700 [-] adding new builder runtests for category None
2012-04-21 20:21:30-0700 [-] trying to load status pickle from /Users/sliver/Repository/Application Security/Personal/VulnScan/buildsystem/runtests/builder
2012-04-21 20:21:30-0700 [-] no saved status pickle, creating a new one
2012-04-21 20:21:30-0700 [-] added builder runtests in category None
2012-04-21 20:21:30-0700 [-] setBuilders._add: [<buildbot.process.botmaster.BuildRequestDistributor instance at 0x1031a2d40>, <BuildSlave 'example-slave', current builders: >] ['runtests']
2012-04-21 20:21:30-0700 [-] adding IStatusReceiver <WebStatus on port tcp:8010 at 0x10331eb48>
2012-04-21 20:21:30-0700 [-] RotateLogSite starting on 8010
2012-04-21 20:21:30-0700 [-] Starting factory <buildbot.status.web.baseweb.RotateLogSite instance at 0x1037d61b8>
2012-04-21 20:21:30-0700 [-] Setting up http.log rotating 10 files of 10000000 bytes each
2012-04-21 20:21:30-0700 [-] WebStatus using (/Users/sliver/Repository/Application Security/Personal/VulnScan/buildsystem/public_html)
2012-04-21 20:21:30-0700 [-] removing 0 old schedulers, updating 0, and adding 1
2012-04-21 20:21:30-0700 [-] adding 1 new changesources, removing 0
2012-04-21 20:21:30-0700 [-] gitpoller: using workdir '/Users/sliver/Repository/Application Security/Personal/VulnScan/buildsystem/gitpoller-workdir'
2012-04-21 20:21:30-0700 [-] gitpoller: initializing working dir from git://github.com/buildbot/pyflakes.git
2012-04-21 20:21:30-0700 [-] configuration update complete
2012-04-21 20:21:31-0700 [-] gitpoller: checking out master
2012-04-21 20:21:31-0700 [-] while initializing GitPoller repository
	Traceback (most recent call last):
	  File "/opt/local/Library/Frameworks/Python.framework/Versions/2.7/lib/python2.7/site-packages/twisted/internet/_baseprocess.py", line 60, in maybeCallProcessEnded
	    proto.processEnded(Failure(reason))
	  File "/opt/local/Library/Frameworks/Python.framework/Versions/2.7/lib/python2.7/site-packages/twisted/internet/utils.py", line 159, in processEnded
	    self.deferred.callback((out, err, code))
	  File "/opt/local/Library/Frameworks/Python.framework/Versions/2.7/lib/python2.7/site-packages/twisted/internet/defer.py", line 362, in callback
	    self._startRunCallbacks(result)
	  File "/opt/local/Library/Frameworks/Python.framework/Versions/2.7/lib/python2.7/site-packages/twisted/internet/defer.py", line 458, in _startRunCallbacks
	    self._runCallbacks()
	--- <exception caught here> ---
	  File "/opt/local/Library/Frameworks/Python.framework/Versions/2.7/lib/python2.7/site-packages/twisted/internet/defer.py", line 545, in _runCallbacks
	    current.result = callback(current.result, *args, **kw)
	  File "/opt/local/Library/Frameworks/Python.framework/Versions/2.7/lib/python2.7/site-packages/buildbot/changes/gitpoller.py", line 318, in _convert_nonzero_to_failure
	    raise EnvironmentError('command failed with exit code %d: %s' % (code, stderr))
	exceptions.EnvironmentError: command failed with exit code 1: Upon execvpe git ['git', 'rev-parse', 'master'] in environment id 140606127295120
	:Traceback (most recent call last):
	  File "/opt/local/Library/Frameworks/Python.framework/Versions/2.7/lib/python2.7/site-packages/twisted/internet/process.py", line 414, in _fork
	    executable, args, environment)
	  File "/opt/local/Library/Frameworks/Python.framework/Versions/2.7/lib/python2.7/site-packages/twisted/internet/process.py", line 460, in _execChild
	    os.execvpe(executable, args, environment)
	  File "/opt/local/Library/Frameworks/Python.framework/Versions/2.7/lib/python2.7/os.py", line 353, in execvpe
	    _execvpe(file, args, env)
	  File "/opt/local/Library/Frameworks/Python.framework/Versions/2.7/lib/python2.7/os.py", line 380, in _execvpe
	    func(fullname, *argrest)
	OSError: [Errno 2] No such file or directory
	
	
2012-04-21 20:21:45-0700 [Broker,0,127.0.0.1] slave 'example-slave' attaching from IPv4Address(TCP, '127.0.0.1', 56160)
2012-04-21 20:21:45-0700 [Broker,0,127.0.0.1] Starting buildslave keepalive timer for 'example-slave'
2012-04-21 20:21:45-0700 [Broker,0,127.0.0.1] Got slaveinfo from 'example-slave'
2012-04-21 20:21:45-0700 [Broker,0,127.0.0.1] bot attached
2012-04-21 20:21:45-0700 [Broker,0,127.0.0.1] Buildslave example-slave attached to runtests
2012-04-21 20:22:27-0700 [HTTPChannel,1,127.0.0.1] web forcebuild of builder 'runtests', branch='', revision='', repository='', project='' by user ''
2012-04-21 20:22:27-0700 [-] added buildset 1 to database
2012-04-21 20:22:27-0700 [-] '(ignored) while trying to force build'
2012-04-21 20:22:27-0700 [-] starting build <Build runtests> using slave <SlaveBuilder builder='runtests' slave='example-slave'>
2012-04-21 20:22:27-0700 [-] acquireLocks(slave <BuildSlave 'example-slave', current builders: runtests>, locks [])
2012-04-21 20:22:27-0700 [-] starting build <Build runtests>.. pinging the slave <SlaveBuilder builder='runtests' slave='example-slave'>
2012-04-21 20:22:27-0700 [-] sending ping
2012-04-21 20:22:27-0700 [Broker,0,127.0.0.1] ping finished: success
2012-04-21 20:22:27-0700 [-] <Build runtests>.startBuild
2012-04-21 20:22:27-0700 [-] ShellCommand.startCommand(cmd=<RemoteCommand 'git' at 4363262504>)
2012-04-21 20:22:27-0700 [-]   cmd.args = {'ignore_ignores': None, 'retry': None, 'env': None, 'reference': None, 'submodules': False, 'shallow': False, 'patch': None, 'repourl': 'git://github.com/buildbot/pyflakes.git', 'workdir': 'build', 'mode': 'copy', 'timeout': 1200, 'branch': 'master', 'progress': False, 'logEnviron': True, 'revision': None}
2012-04-21 20:22:27-0700 [-] <RemoteCommand 'git' at 4363262504>: RemoteCommand.run [0]
2012-04-21 20:22:27-0700 [-] LoggedRemoteCommand._start
2012-04-21 20:22:28-0700 [Broker,0,127.0.0.1] <RemoteCommand 'git' at 4363262504> rc=128
2012-04-21 20:22:28-0700 [-] closing log <buildbot.status.logfile.LogFile instance at 0x104121ea8>
2012-04-21 20:22:28-0700 [-] releaseLocks(<buildbot.steps.source.oldsource.Git instance at 0x103719878>): []
2012-04-21 20:22:28-0700 [-]  step 'git' complete: failure
2012-04-21 20:22:28-0700 [-]  <Build runtests>: build finished
2012-04-21 20:22:28-0700 [-] releaseLocks(<BuildSlave 'example-slave', current builders: runtests>): []
2012-04-21 20:22:52-0700 [-] Received SIGTERM, shutting down.
2012-04-21 20:22:52-0700 [-] (TCP Port 8010 Closed)
2012-04-21 20:22:52-0700 [-] Stopping factory <buildbot.status.web.baseweb.RotateLogSite instance at 0x1037d61b8>
2012-04-21 20:22:52-0700 [-] (TCP Port 9989 Closed)
2012-04-21 20:22:52-0700 [-] Stopping factory <twisted.spread.pb.PBServerFactory instance at 0x1037cf8c0>
2012-04-21 20:22:52-0700 [Broker,0,127.0.0.1] BuildSlave.detached(example-slave)
2012-04-21 20:22:52-0700 [Broker,0,127.0.0.1] Buildslave example-slave detached from runtests
2012-04-21 20:22:52-0700 [-] Main loop terminated.
2012-04-21 20:22:52-0700 [-] Server Shut Down.
2012-04-21 23:04:50-0700 [-] Log opened.
2012-04-21 23:04:50-0700 [-] twistd 11.1.0 (/opt/local/Library/Frameworks/Python.framework/Versions/2.7/Resources/Python.app/Contents/MacOS/Python 2.7.3) starting up.
2012-04-21 23:04:50-0700 [-] reactor class: twisted.internet.selectreactor.SelectReactor.
2012-04-21 23:04:50-0700 [-] Applying patch for http://twistedmatrix.com/trac/ticket/5079
2012-04-21 23:04:50-0700 [-] Creating BuildMaster -- buildbot.version: 0.8.5
2012-04-21 23:04:50-0700 [-] loading configuration from /Users/sliver/Repository/Application Security/Personal/VulnScan/buildsystem/master.cfg
2012-04-21 23:04:50-0700 [-] configuration update started
2012-04-21 23:04:50-0700 [-] error while parsing config file
2012-04-21 23:04:50-0700 [-] Unhandled Error
	Traceback (most recent call last):
	  File "/opt/local/Library/Frameworks/Python.framework/Versions/2.7/lib/python2.7/site-packages/buildbot/master.py", line 197, in loadTheConfigFile
	    d = self.loadConfig(f)
	  File "/opt/local/Library/Frameworks/Python.framework/Versions/2.7/lib/python2.7/site-packages/buildbot/master.py", line 579, in loadConfig
	    d.addCallback(do_load)
	  File "/opt/local/Library/Frameworks/Python.framework/Versions/2.7/lib/python2.7/site-packages/twisted/internet/defer.py", line 298, in addCallback
	    callbackKeywords=kw)
	  File "/opt/local/Library/Frameworks/Python.framework/Versions/2.7/lib/python2.7/site-packages/twisted/internet/defer.py", line 287, in addCallbacks
	    self._runCallbacks()
	--- <exception caught here> ---
	  File "/opt/local/Library/Frameworks/Python.framework/Versions/2.7/lib/python2.7/site-packages/twisted/internet/defer.py", line 545, in _runCallbacks
	    current.result = callback(current.result, *args, **kw)
	  File "/opt/local/Library/Frameworks/Python.framework/Versions/2.7/lib/python2.7/site-packages/buildbot/master.py", line 226, in do_load
	    exec f in localDict
	exceptions.SyntaxError: invalid syntax (master.cfg, line 19)
	
2012-04-21 23:05:06-0700 [-] Received SIGTERM, shutting down.
2012-04-21 23:05:06-0700 [-] Main loop terminated.
2012-04-21 23:05:06-0700 [-] Server Shut Down.
2012-04-21 23:05:39-0700 [-] Log opened.
2012-04-21 23:05:39-0700 [-] twistd 11.1.0 (/opt/local/Library/Frameworks/Python.framework/Versions/2.7/Resources/Python.app/Contents/MacOS/Python 2.7.3) starting up.
2012-04-21 23:05:39-0700 [-] reactor class: twisted.internet.selectreactor.SelectReactor.
2012-04-21 23:05:39-0700 [-] Applying patch for http://twistedmatrix.com/trac/ticket/5079
2012-04-21 23:05:39-0700 [-] Creating BuildMaster -- buildbot.version: 0.8.5
2012-04-21 23:05:39-0700 [-] loading configuration from /Users/sliver/Repository/Application Security/Personal/VulnScan/buildsystem/master.cfg
2012-04-21 23:05:39-0700 [-] configuration update started
2012-04-21 23:05:39-0700 [-] error while parsing config file
2012-04-21 23:05:39-0700 [-] Unhandled Error
	Traceback (most recent call last):
	  File "/opt/local/Library/Frameworks/Python.framework/Versions/2.7/lib/python2.7/site-packages/buildbot/master.py", line 197, in loadTheConfigFile
	    d = self.loadConfig(f)
	  File "/opt/local/Library/Frameworks/Python.framework/Versions/2.7/lib/python2.7/site-packages/buildbot/master.py", line 579, in loadConfig
	    d.addCallback(do_load)
	  File "/opt/local/Library/Frameworks/Python.framework/Versions/2.7/lib/python2.7/site-packages/twisted/internet/defer.py", line 298, in addCallback
	    callbackKeywords=kw)
	  File "/opt/local/Library/Frameworks/Python.framework/Versions/2.7/lib/python2.7/site-packages/twisted/internet/defer.py", line 287, in addCallbacks
	    self._runCallbacks()
	--- <exception caught here> ---
	  File "/opt/local/Library/Frameworks/Python.framework/Versions/2.7/lib/python2.7/site-packages/twisted/internet/defer.py", line 545, in _runCallbacks
	    current.result = callback(current.result, *args, **kw)
	  File "/opt/local/Library/Frameworks/Python.framework/Versions/2.7/lib/python2.7/site-packages/buildbot/master.py", line 226, in do_load
	    exec f in localDict
	  File "/Users/sliver/Repository/Application Security/Personal/VulnScan/buildsystem/master.cfg", line 47, in <module>
	    c['change_source'].append(GitPoller(
	exceptions.AttributeError: GitPoller instance has no attribute 'append'
	
2012-04-21 23:06:29-0700 [-] Received SIGTERM, shutting down.
2012-04-21 23:06:29-0700 [-] Main loop terminated.
2012-04-21 23:06:29-0700 [-] Server Shut Down.
2012-04-21 23:06:31-0700 [-] Log opened.
2012-04-21 23:06:31-0700 [-] twistd 11.1.0 (/opt/local/Library/Frameworks/Python.framework/Versions/2.7/Resources/Python.app/Contents/MacOS/Python 2.7.3) starting up.
2012-04-21 23:06:31-0700 [-] reactor class: twisted.internet.selectreactor.SelectReactor.
2012-04-21 23:06:31-0700 [-] Applying patch for http://twistedmatrix.com/trac/ticket/5079
2012-04-21 23:06:31-0700 [-] Creating BuildMaster -- buildbot.version: 0.8.5
2012-04-21 23:06:31-0700 [-] loading configuration from /Users/sliver/Repository/Application Security/Personal/VulnScan/buildsystem/master.cfg
2012-04-21 23:06:31-0700 [-] configuration update started
2012-04-21 23:06:31-0700 [-] error while parsing config file
2012-04-21 23:06:31-0700 [-] Unhandled Error
	Traceback (most recent call last):
	  File "/opt/local/Library/Frameworks/Python.framework/Versions/2.7/lib/python2.7/site-packages/buildbot/master.py", line 197, in loadTheConfigFile
	    d = self.loadConfig(f)
	  File "/opt/local/Library/Frameworks/Python.framework/Versions/2.7/lib/python2.7/site-packages/buildbot/master.py", line 579, in loadConfig
	    d.addCallback(do_load)
	  File "/opt/local/Library/Frameworks/Python.framework/Versions/2.7/lib/python2.7/site-packages/twisted/internet/defer.py", line 298, in addCallback
	    callbackKeywords=kw)
	  File "/opt/local/Library/Frameworks/Python.framework/Versions/2.7/lib/python2.7/site-packages/twisted/internet/defer.py", line 287, in addCallbacks
	    self._runCallbacks()
	--- <exception caught here> ---
	  File "/opt/local/Library/Frameworks/Python.framework/Versions/2.7/lib/python2.7/site-packages/twisted/internet/defer.py", line 545, in _runCallbacks
	    current.result = callback(current.result, *args, **kw)
	  File "/opt/local/Library/Frameworks/Python.framework/Versions/2.7/lib/python2.7/site-packages/buildbot/master.py", line 226, in do_load
	    exec f in localDict
	  File "/Users/sliver/Repository/Application Security/Personal/VulnScan/buildsystem/master.cfg", line 47, in <module>
	    c['change_source'].append(GitPoller(
	exceptions.AttributeError: GitPoller instance has no attribute 'append'
	
2012-04-21 23:06:41-0700 [-] Received SIGTERM, shutting down.
2012-04-21 23:06:41-0700 [-] Main loop terminated.
2012-04-21 23:06:41-0700 [-] Server Shut Down.
2012-04-21 23:07:27-0700 [-] Log opened.
2012-04-21 23:07:27-0700 [-] twistd 11.1.0 (/opt/local/Library/Frameworks/Python.framework/Versions/2.7/Resources/Python.app/Contents/MacOS/Python 2.7.3) starting up.
2012-04-21 23:07:27-0700 [-] reactor class: twisted.internet.selectreactor.SelectReactor.
2012-04-21 23:07:27-0700 [-] Applying patch for http://twistedmatrix.com/trac/ticket/5079
2012-04-21 23:07:27-0700 [-] Creating BuildMaster -- buildbot.version: 0.8.5
2012-04-21 23:07:27-0700 [-] loading configuration from /Users/sliver/Repository/Application Security/Personal/VulnScan/buildsystem/master.cfg
2012-04-21 23:07:27-0700 [-] configuration update started
2012-04-21 23:07:27-0700 [-] error while parsing config file
2012-04-21 23:07:27-0700 [-] Unhandled Error
	Traceback (most recent call last):
	  File "/opt/local/Library/Frameworks/Python.framework/Versions/2.7/lib/python2.7/site-packages/buildbot/master.py", line 197, in loadTheConfigFile
	    d = self.loadConfig(f)
	  File "/opt/local/Library/Frameworks/Python.framework/Versions/2.7/lib/python2.7/site-packages/buildbot/master.py", line 579, in loadConfig
	    d.addCallback(do_load)
	  File "/opt/local/Library/Frameworks/Python.framework/Versions/2.7/lib/python2.7/site-packages/twisted/internet/defer.py", line 298, in addCallback
	    callbackKeywords=kw)
	  File "/opt/local/Library/Frameworks/Python.framework/Versions/2.7/lib/python2.7/site-packages/twisted/internet/defer.py", line 287, in addCallbacks
	    self._runCallbacks()
	--- <exception caught here> ---
	  File "/opt/local/Library/Frameworks/Python.framework/Versions/2.7/lib/python2.7/site-packages/twisted/internet/defer.py", line 545, in _runCallbacks
	    current.result = callback(current.result, *args, **kw)
	  File "/opt/local/Library/Frameworks/Python.framework/Versions/2.7/lib/python2.7/site-packages/buildbot/master.py", line 226, in do_load
	    exec f in localDict
	exceptions.SyntaxError: invalid syntax (master.cfg, line 50)
	
2012-04-21 23:07:34-0700 [-] Received SIGTERM, shutting down.
2012-04-21 23:07:34-0700 [-] Main loop terminated.
2012-04-21 23:07:34-0700 [-] Server Shut Down.
2012-04-21 23:08:04-0700 [-] Log opened.
2012-04-21 23:08:04-0700 [-] twistd 11.1.0 (/opt/local/Library/Frameworks/Python.framework/Versions/2.7/Resources/Python.app/Contents/MacOS/Python 2.7.3) starting up.
2012-04-21 23:08:04-0700 [-] reactor class: twisted.internet.selectreactor.SelectReactor.
2012-04-21 23:08:04-0700 [-] Applying patch for http://twistedmatrix.com/trac/ticket/5079
2012-04-21 23:08:04-0700 [-] Creating BuildMaster -- buildbot.version: 0.8.5
2012-04-21 23:08:04-0700 [-] loading configuration from /Users/sliver/Repository/Application Security/Personal/VulnScan/buildsystem/master.cfg
2012-04-21 23:08:04-0700 [-] configuration update started
2012-04-21 23:08:04-0700 [-] Unhandled Error
	Traceback (most recent call last):
	  File "/opt/local/Library/Frameworks/Python.framework/Versions/2.7/lib/python2.7/site-packages/buildbot/master.py", line 197, in loadTheConfigFile
	    d = self.loadConfig(f)
	  File "/opt/local/Library/Frameworks/Python.framework/Versions/2.7/lib/python2.7/site-packages/buildbot/master.py", line 579, in loadConfig
	    d.addCallback(do_load)
	  File "/opt/local/Library/Frameworks/Python.framework/Versions/2.7/lib/python2.7/site-packages/twisted/internet/defer.py", line 298, in addCallback
	    callbackKeywords=kw)
	  File "/opt/local/Library/Frameworks/Python.framework/Versions/2.7/lib/python2.7/site-packages/twisted/internet/defer.py", line 287, in addCallbacks
	    self._runCallbacks()
	--- <exception caught here> ---
	  File "/opt/local/Library/Frameworks/Python.framework/Versions/2.7/lib/python2.7/site-packages/twisted/internet/defer.py", line 545, in _runCallbacks
	    current.result = callback(current.result, *args, **kw)
	  File "/opt/local/Library/Frameworks/Python.framework/Versions/2.7/lib/python2.7/site-packages/buildbot/master.py", line 374, in do_load
	    assert interfaces.IBuildSlave.providedBy(s)
	exceptions.AssertionError: 
	
2012-04-21 23:08:18-0700 [-] Received SIGTERM, shutting down.
2012-04-21 23:08:18-0700 [-] Main loop terminated.
2012-04-21 23:08:18-0700 [-] Server Shut Down.
2012-04-21 23:09:11-0700 [-] Log opened.
2012-04-21 23:09:11-0700 [-] twistd 11.1.0 (/opt/local/Library/Frameworks/Python.framework/Versions/2.7/Resources/Python.app/Contents/MacOS/Python 2.7.3) starting up.
2012-04-21 23:09:11-0700 [-] reactor class: twisted.internet.selectreactor.SelectReactor.
2012-04-21 23:09:11-0700 [-] Applying patch for http://twistedmatrix.com/trac/ticket/5079
2012-04-21 23:09:11-0700 [-] Creating BuildMaster -- buildbot.version: 0.8.5
2012-04-21 23:09:11-0700 [-] loading configuration from /Users/sliver/Repository/Application Security/Personal/VulnScan/buildsystem/master.cfg
2012-04-21 23:09:11-0700 [-] configuration update started
2012-04-21 23:09:12-0700 [-] Unhandled Error
	Traceback (most recent call last):
	  File "/opt/local/Library/Frameworks/Python.framework/Versions/2.7/lib/python2.7/site-packages/buildbot/master.py", line 197, in loadTheConfigFile
	    d = self.loadConfig(f)
	  File "/opt/local/Library/Frameworks/Python.framework/Versions/2.7/lib/python2.7/site-packages/buildbot/master.py", line 579, in loadConfig
	    d.addCallback(do_load)
	  File "/opt/local/Library/Frameworks/Python.framework/Versions/2.7/lib/python2.7/site-packages/twisted/internet/defer.py", line 298, in addCallback
	    callbackKeywords=kw)
	  File "/opt/local/Library/Frameworks/Python.framework/Versions/2.7/lib/python2.7/site-packages/twisted/internet/defer.py", line 287, in addCallbacks
	    self._runCallbacks()
	--- <exception caught here> ---
	  File "/opt/local/Library/Frameworks/Python.framework/Versions/2.7/lib/python2.7/site-packages/twisted/internet/defer.py", line 545, in _runCallbacks
	    current.result = callback(current.result, *args, **kw)
	  File "/opt/local/Library/Frameworks/Python.framework/Versions/2.7/lib/python2.7/site-packages/buildbot/master.py", line 374, in do_load
	    assert interfaces.IBuildSlave.providedBy(s)
	exceptions.AssertionError: 
	
2012-04-21 23:09:44-0700 [-] Received SIGTERM, shutting down.
2012-04-21 23:09:44-0700 [-] Main loop terminated.
2012-04-21 23:09:44-0700 [-] Server Shut Down.
2012-04-21 23:09:49-0700 [-] Log opened.
2012-04-21 23:09:49-0700 [-] twistd 11.1.0 (/opt/local/Library/Frameworks/Python.framework/Versions/2.7/Resources/Python.app/Contents/MacOS/Python 2.7.3) starting up.
2012-04-21 23:09:49-0700 [-] reactor class: twisted.internet.selectreactor.SelectReactor.
2012-04-21 23:09:49-0700 [-] Applying patch for http://twistedmatrix.com/trac/ticket/5079
2012-04-21 23:09:49-0700 [-] Creating BuildMaster -- buildbot.version: 0.8.5
2012-04-21 23:09:49-0700 [-] loading configuration from /Users/sliver/Repository/Application Security/Personal/VulnScan/buildsystem/master.cfg
2012-04-21 23:09:49-0700 [-] configuration update started
2012-04-21 23:09:49-0700 [-] Unhandled Error
	Traceback (most recent call last):
	  File "/opt/local/Library/Frameworks/Python.framework/Versions/2.7/lib/python2.7/site-packages/buildbot/master.py", line 197, in loadTheConfigFile
	    d = self.loadConfig(f)
	  File "/opt/local/Library/Frameworks/Python.framework/Versions/2.7/lib/python2.7/site-packages/buildbot/master.py", line 579, in loadConfig
	    d.addCallback(do_load)
	  File "/opt/local/Library/Frameworks/Python.framework/Versions/2.7/lib/python2.7/site-packages/twisted/internet/defer.py", line 298, in addCallback
	    callbackKeywords=kw)
	  File "/opt/local/Library/Frameworks/Python.framework/Versions/2.7/lib/python2.7/site-packages/twisted/internet/defer.py", line 287, in addCallbacks
	    self._runCallbacks()
	--- <exception caught here> ---
	  File "/opt/local/Library/Frameworks/Python.framework/Versions/2.7/lib/python2.7/site-packages/twisted/internet/defer.py", line 545, in _runCallbacks
	    current.result = callback(current.result, *args, **kw)
	  File "/opt/local/Library/Frameworks/Python.framework/Versions/2.7/lib/python2.7/site-packages/buildbot/master.py", line 374, in do_load
	    assert interfaces.IBuildSlave.providedBy(s)
	exceptions.AssertionError: 
	
2012-04-21 23:10:54-0700 [-] Received SIGTERM, shutting down.
2012-04-21 23:10:54-0700 [-] Main loop terminated.
2012-04-21 23:10:54-0700 [-] Server Shut Down.
2012-04-21 23:10:57-0700 [-] Log opened.
2012-04-21 23:10:57-0700 [-] twistd 11.1.0 (/opt/local/Library/Frameworks/Python.framework/Versions/2.7/Resources/Python.app/Contents/MacOS/Python 2.7.3) starting up.
2012-04-21 23:10:57-0700 [-] reactor class: twisted.internet.selectreactor.SelectReactor.
2012-04-21 23:10:57-0700 [-] Applying patch for http://twistedmatrix.com/trac/ticket/5079
2012-04-21 23:10:57-0700 [-] Creating BuildMaster -- buildbot.version: 0.8.5
2012-04-21 23:10:57-0700 [-] loading configuration from /Users/sliver/Repository/Application Security/Personal/VulnScan/buildsystem/master.cfg
2012-04-21 23:10:57-0700 [-] configuration update started
2012-04-21 23:10:57-0700 [-] setting database journal mode to 'wal'
2012-04-21 23:10:58-0700 [-] Using SQLite Version (3, 7, 11)
2012-04-21 23:10:58-0700 [-] PBServerFactory starting on 9989
2012-04-21 23:10:58-0700 [-] Starting factory <twisted.spread.pb.PBServerFactory instance at 0x10a99a5f0>
2012-04-21 23:10:58-0700 [-] adding new builder runtests for category None
2012-04-21 23:10:58-0700 [-] trying to load status pickle from /Users/sliver/Repository/Application Security/Personal/VulnScan/buildsystem/runtests/builder
2012-04-21 23:10:58-0700 [-] added builder runtests in category None
2012-04-21 23:10:58-0700 [-] setBuilders._add: [<buildbot.process.botmaster.BuildRequestDistributor instance at 0x10a36dd40>, <BuildSlave 'example-slave', current builders: >] ['runtests']
2012-04-21 23:10:58-0700 [-] adding IStatusReceiver <WebStatus on port tcp:8010 at 0x10a4e9b00>
2012-04-21 23:10:58-0700 [-] RotateLogSite starting on 8010
2012-04-21 23:10:58-0700 [-] Starting factory <buildbot.status.web.baseweb.RotateLogSite instance at 0x10a9a1098>
2012-04-21 23:10:58-0700 [-] Setting up http.log rotating 10 files of 10000000 bytes each
2012-04-21 23:10:58-0700 [-] WebStatus using (/Users/sliver/Repository/Application Security/Personal/VulnScan/buildsystem/public_html)
2012-04-21 23:10:58-0700 [-] Loading builder runtests's build 0 from on-disk pickle
2012-04-21 23:10:58-0700 [-] removing 0 old schedulers, updating 0, and adding 1
2012-04-21 23:10:58-0700 [-] warning: no ChangeSources specified in c['change_source']
2012-04-21 23:10:58-0700 [-] adding 0 new changesources, removing 0
2012-04-21 23:10:58-0700 [-] configuration update complete
2012-04-21 23:11:04-0700 [-] Received SIGTERM, shutting down.
2012-04-21 23:11:04-0700 [-] (TCP Port 8010 Closed)
2012-04-21 23:11:04-0700 [-] Stopping factory <buildbot.status.web.baseweb.RotateLogSite instance at 0x10a9a1098>
2012-04-21 23:11:04-0700 [-] (TCP Port 9989 Closed)
2012-04-21 23:11:04-0700 [-] Stopping factory <twisted.spread.pb.PBServerFactory instance at 0x10a99a5f0>
2012-04-21 23:11:04-0700 [-] Main loop terminated.
2012-04-21 23:11:04-0700 [-] Server Shut Down.
2012-04-21 23:11:27-0700 [-] Log opened.
2012-04-21 23:11:27-0700 [-] twistd 11.1.0 (/opt/local/Library/Frameworks/Python.framework/Versions/2.7/Resources/Python.app/Contents/MacOS/Python 2.7.3) starting up.
2012-04-21 23:11:27-0700 [-] reactor class: twisted.internet.selectreactor.SelectReactor.
2012-04-21 23:11:27-0700 [-] Applying patch for http://twistedmatrix.com/trac/ticket/5079
2012-04-21 23:11:27-0700 [-] Creating BuildMaster -- buildbot.version: 0.8.5
2012-04-21 23:11:27-0700 [-] loading configuration from /Users/sliver/Repository/Application Security/Personal/VulnScan/buildsystem/master.cfg
2012-04-21 23:11:27-0700 [-] configuration update started
2012-04-21 23:11:27-0700 [-] setting database journal mode to 'wal'
2012-04-21 23:11:27-0700 [-] Using SQLite Version (3, 7, 11)
2012-04-21 23:11:27-0700 [-] PBServerFactory starting on 9989
2012-04-21 23:11:27-0700 [-] Starting factory <twisted.spread.pb.PBServerFactory instance at 0x10c3858c0>
2012-04-21 23:11:27-0700 [-] adding new builder runtests for category None
2012-04-21 23:11:27-0700 [-] trying to load status pickle from /Users/sliver/Repository/Application Security/Personal/VulnScan/buildsystem/runtests/builder
2012-04-21 23:11:27-0700 [-] added builder runtests in category None
2012-04-21 23:11:27-0700 [-] setBuilders._add: [<buildbot.process.botmaster.BuildRequestDistributor instance at 0x10bd58d40>, <BuildSlave 'example-slave', current builders: >] ['runtests']
2012-04-21 23:11:27-0700 [-] adding IStatusReceiver <WebStatus on port tcp:8010 at 0x10bed4b48>
2012-04-21 23:11:27-0700 [-] RotateLogSite starting on 8010
2012-04-21 23:11:27-0700 [-] Starting factory <buildbot.status.web.baseweb.RotateLogSite instance at 0x10c38c368>
2012-04-21 23:11:27-0700 [-] Setting up http.log rotating 10 files of 10000000 bytes each
2012-04-21 23:11:27-0700 [-] WebStatus using (/Users/sliver/Repository/Application Security/Personal/VulnScan/buildsystem/public_html)
2012-04-21 23:11:27-0700 [-] Loading builder runtests's build 0 from on-disk pickle
2012-04-21 23:11:27-0700 [-] removing 0 old schedulers, updating 0, and adding 1
2012-04-21 23:11:27-0700 [-] adding 1 new changesources, removing 0
2012-04-21 23:11:27-0700 [-] gitpoller: using workdir '/Users/sliver/Repository/Application Security/Personal/VulnScan/buildsystem/gitpoller-workdir'
2012-04-21 23:11:27-0700 [-] GitPoller repository already exists
2012-04-21 23:11:27-0700 [-] configuration update complete
2012-04-21 23:12:57-0700 [Broker,0,127.0.0.1] slave 'example-slave' attaching from IPv4Address(TCP, '127.0.0.1', 58416)
2012-04-21 23:12:57-0700 [Broker,0,127.0.0.1] Starting buildslave keepalive timer for 'example-slave'
2012-04-21 23:12:57-0700 [Broker,0,127.0.0.1] Got slaveinfo from 'example-slave'
2012-04-21 23:12:57-0700 [Broker,0,127.0.0.1] bot attached
2012-04-21 23:12:57-0700 [Broker,0,127.0.0.1] Buildslave example-slave attached to runtests
2012-04-21 23:15:59-0700 [-] Received SIGTERM, shutting down.
2012-04-21 23:15:59-0700 [-] (TCP Port 8010 Closed)
2012-04-21 23:15:59-0700 [-] Stopping factory <buildbot.status.web.baseweb.RotateLogSite instance at 0x10c38c368>
2012-04-21 23:15:59-0700 [-] (TCP Port 9989 Closed)
2012-04-21 23:15:59-0700 [-] Stopping factory <twisted.spread.pb.PBServerFactory instance at 0x10c3858c0>
2012-04-21 23:15:59-0700 [Broker,0,127.0.0.1] BuildSlave.detached(example-slave)
2012-04-21 23:15:59-0700 [Broker,0,127.0.0.1] Buildslave example-slave detached from runtests
2012-04-21 23:15:59-0700 [-] Main loop terminated.
2012-04-21 23:15:59-0700 [-] Server Shut Down.
2012-04-21 23:16:02-0700 [-] Log opened.
2012-04-21 23:16:02-0700 [-] twistd 11.1.0 (/opt/local/Library/Frameworks/Python.framework/Versions/2.7/Resources/Python.app/Contents/MacOS/Python 2.7.3) starting up.
2012-04-21 23:16:02-0700 [-] reactor class: twisted.internet.selectreactor.SelectReactor.
2012-04-21 23:16:02-0700 [-] Applying patch for http://twistedmatrix.com/trac/ticket/5079
2012-04-21 23:16:02-0700 [-] Creating BuildMaster -- buildbot.version: 0.8.5
2012-04-21 23:16:02-0700 [-] loading configuration from /Users/sliver/Repository/Application Security/Personal/VulnScan/buildsystem/master.cfg
2012-04-21 23:16:02-0700 [-] configuration update started
2012-04-21 23:16:02-0700 [-] setting database journal mode to 'wal'
2012-04-21 23:16:02-0700 [-] Using SQLite Version (3, 7, 11)
2012-04-21 23:16:02-0700 [-] PBServerFactory starting on 9989
2012-04-21 23:16:02-0700 [-] Starting factory <twisted.spread.pb.PBServerFactory instance at 0x10e36c8c0>
2012-04-21 23:16:02-0700 [-] adding new builder runtests for category None
2012-04-21 23:16:02-0700 [-] trying to load status pickle from /Users/sliver/Repository/Application Security/Personal/VulnScan/buildsystem/runtests/builder
2012-04-21 23:16:02-0700 [-] added builder runtests in category None
2012-04-21 23:16:02-0700 [-] setBuilders._add: [<buildbot.process.botmaster.BuildRequestDistributor instance at 0x10dd3fd40>, <BuildSlave 'example-slave', current builders: >] ['runtests']
2012-04-21 23:16:02-0700 [-] adding IStatusReceiver <WebStatus on port tcp:8010 at 0x10debbb48>
2012-04-21 23:16:02-0700 [-] RotateLogSite starting on 8010
2012-04-21 23:16:02-0700 [-] Starting factory <buildbot.status.web.baseweb.RotateLogSite instance at 0x10e3733f8>
2012-04-21 23:16:02-0700 [-] Setting up http.log rotating 10 files of 10000000 bytes each
2012-04-21 23:16:02-0700 [-] WebStatus using (/Users/sliver/Repository/Application Security/Personal/VulnScan/buildsystem/public_html)
2012-04-21 23:16:02-0700 [-] Loading builder runtests's build 0 from on-disk pickle
2012-04-21 23:16:02-0700 [-] removing 0 old schedulers, updating 0, and adding 1
2012-04-21 23:16:02-0700 [-] adding 1 new changesources, removing 0
2012-04-21 23:16:02-0700 [-] gitpoller: using workdir '/Users/sliver/Repository/Application Security/Personal/VulnScan/buildsystem/gitpoller-workdir'
2012-04-21 23:16:02-0700 [-] GitPoller repository already exists
2012-04-21 23:16:02-0700 [-] configuration update complete
2012-04-21 23:16:10-0700 [Broker,0,127.0.0.1] slave 'example-slave' attaching from IPv4Address(TCP, '127.0.0.1', 58421)
2012-04-21 23:16:10-0700 [Broker,0,127.0.0.1] Starting buildslave keepalive timer for 'example-slave'
2012-04-21 23:16:10-0700 [Broker,0,127.0.0.1] Got slaveinfo from 'example-slave'
2012-04-21 23:16:10-0700 [Broker,0,127.0.0.1] bot attached
2012-04-21 23:16:10-0700 [Broker,0,127.0.0.1] Buildslave example-slave attached to runtests
2012-04-21 23:21:02-0700 [-] gitpoller: polling git repo at git://github.com/buildbot/pyflakes.git
2012-04-21 23:21:03-0700 [-] gitpoller: no changes, no catch_up
2012-04-21 23:26:02-0700 [-] gitpoller: polling git repo at git://github.com/buildbot/pyflakes.git
2012-04-21 23:26:04-0700 [-] gitpoller: no changes, no catch_up
2012-04-21 23:31:02-0700 [-] gitpoller: polling git repo at git://github.com/buildbot/pyflakes.git
2012-04-21 23:31:03-0700 [-] gitpoller: no changes, no catch_up
2012-04-21 23:34:30-0700 [-] Received SIGTERM, shutting down.
2012-04-21 23:34:30-0700 [-] (TCP Port 8010 Closed)
2012-04-21 23:34:30-0700 [-] Stopping factory <buildbot.status.web.baseweb.RotateLogSite instance at 0x10e3733f8>
2012-04-21 23:34:30-0700 [-] (TCP Port 9989 Closed)
2012-04-21 23:34:30-0700 [-] Stopping factory <twisted.spread.pb.PBServerFactory instance at 0x10e36c8c0>
2012-04-21 23:34:30-0700 [Broker,0,127.0.0.1] BuildSlave.detached(example-slave)
2012-04-21 23:34:30-0700 [Broker,0,127.0.0.1] Buildslave example-slave detached from runtests
2012-04-21 23:34:30-0700 [-] Main loop terminated.
2012-04-21 23:34:30-0700 [-] Server Shut Down.
2012-04-21 23:34:33-0700 [-] Log opened.
2012-04-21 23:34:33-0700 [-] twistd 11.1.0 (/opt/local/Library/Frameworks/Python.framework/Versions/2.7/Resources/Python.app/Contents/MacOS/Python 2.7.3) starting up.
2012-04-21 23:34:33-0700 [-] reactor class: twisted.internet.selectreactor.SelectReactor.
2012-04-21 23:34:33-0700 [-] Applying patch for http://twistedmatrix.com/trac/ticket/5079
2012-04-21 23:34:33-0700 [-] Creating BuildMaster -- buildbot.version: 0.8.5
2012-04-21 23:34:33-0700 [-] loading configuration from /Users/sliver/Repository/Application Security/Personal/VulnScan/buildsystem/master.cfg
2012-04-21 23:34:33-0700 [-] configuration update started
2012-04-21 23:34:33-0700 [-] error while parsing config file
2012-04-21 23:34:33-0700 [-] Unhandled Error
	Traceback (most recent call last):
	  File "/opt/local/Library/Frameworks/Python.framework/Versions/2.7/lib/python2.7/site-packages/buildbot/master.py", line 197, in loadTheConfigFile
	    d = self.loadConfig(f)
	  File "/opt/local/Library/Frameworks/Python.framework/Versions/2.7/lib/python2.7/site-packages/buildbot/master.py", line 579, in loadConfig
	    d.addCallback(do_load)
	  File "/opt/local/Library/Frameworks/Python.framework/Versions/2.7/lib/python2.7/site-packages/twisted/internet/defer.py", line 298, in addCallback
	    callbackKeywords=kw)
	  File "/opt/local/Library/Frameworks/Python.framework/Versions/2.7/lib/python2.7/site-packages/twisted/internet/defer.py", line 287, in addCallbacks
	    self._runCallbacks()
	--- <exception caught here> ---
	  File "/opt/local/Library/Frameworks/Python.framework/Versions/2.7/lib/python2.7/site-packages/twisted/internet/defer.py", line 545, in _runCallbacks
	    current.result = callback(current.result, *args, **kw)
	  File "/opt/local/Library/Frameworks/Python.framework/Versions/2.7/lib/python2.7/site-packages/buildbot/master.py", line 226, in do_load
	    exec f in localDict
	  File "/Users/sliver/Repository/Application Security/Personal/VulnScan/buildsystem/master.cfg", line 24, in <module>
	    c['slaves'].appead(BuildSlave(line[0],line[1]))
	exceptions.AttributeError: 'list' object has no attribute 'appead'
	
2012-04-21 23:34:44-0700 [-] Received SIGTERM, shutting down.
2012-04-21 23:34:44-0700 [-] Main loop terminated.
2012-04-21 23:34:44-0700 [-] Server Shut Down.
2012-04-21 23:39:01-0700 [-] Log opened.
2012-04-21 23:39:01-0700 [-] twistd 11.1.0 (/opt/local/Library/Frameworks/Python.framework/Versions/2.7/Resources/Python.app/Contents/MacOS/Python 2.7.3) starting up.
2012-04-21 23:39:01-0700 [-] reactor class: twisted.internet.selectreactor.SelectReactor.
2012-04-21 23:39:01-0700 [-] Applying patch for http://twistedmatrix.com/trac/ticket/5079
2012-04-21 23:39:01-0700 [-] Creating BuildMaster -- buildbot.version: 0.8.5
2012-04-21 23:39:01-0700 [-] loading configuration from /Users/sliver/Repository/Application Security/Personal/VulnScan/buildsystem/master.cfg
2012-04-21 23:39:01-0700 [-] configuration update started
2012-04-21 23:39:01-0700 [-] error while parsing config file
2012-04-21 23:39:01-0700 [-] Unhandled Error
	Traceback (most recent call last):
	  File "/opt/local/Library/Frameworks/Python.framework/Versions/2.7/lib/python2.7/site-packages/buildbot/master.py", line 197, in loadTheConfigFile
	    d = self.loadConfig(f)
	  File "/opt/local/Library/Frameworks/Python.framework/Versions/2.7/lib/python2.7/site-packages/buildbot/master.py", line 579, in loadConfig
	    d.addCallback(do_load)
	  File "/opt/local/Library/Frameworks/Python.framework/Versions/2.7/lib/python2.7/site-packages/twisted/internet/defer.py", line 298, in addCallback
	    callbackKeywords=kw)
	  File "/opt/local/Library/Frameworks/Python.framework/Versions/2.7/lib/python2.7/site-packages/twisted/internet/defer.py", line 287, in addCallbacks
	    self._runCallbacks()
	--- <exception caught here> ---
	  File "/opt/local/Library/Frameworks/Python.framework/Versions/2.7/lib/python2.7/site-packages/twisted/internet/defer.py", line 545, in _runCallbacks
	    current.result = callback(current.result, *args, **kw)
	  File "/opt/local/Library/Frameworks/Python.framework/Versions/2.7/lib/python2.7/site-packages/buildbot/master.py", line 226, in do_load
	    exec f in localDict
	  File "/Users/sliver/Repository/Application Security/Personal/VulnScan/buildsystem/master.cfg", line 24, in <module>
	    c['slaves'].appead(BuildSlave(line[0],line[1]))
	exceptions.AttributeError: 'list' object has no attribute 'appead'
	
2012-04-21 23:42:52-0700 [-] Received SIGTERM, shutting down.
2012-04-21 23:42:52-0700 [-] Main loop terminated.
2012-04-21 23:42:52-0700 [-] Server Shut Down.
2012-04-21 23:42:55-0700 [-] Log opened.
2012-04-21 23:42:55-0700 [-] twistd 11.1.0 (/opt/local/Library/Frameworks/Python.framework/Versions/2.7/Resources/Python.app/Contents/MacOS/Python 2.7.3) starting up.
2012-04-21 23:42:55-0700 [-] reactor class: twisted.internet.selectreactor.SelectReactor.
2012-04-21 23:42:55-0700 [-] Applying patch for http://twistedmatrix.com/trac/ticket/5079
2012-04-21 23:42:55-0700 [-] Creating BuildMaster -- buildbot.version: 0.8.5
2012-04-21 23:42:55-0700 [-] loading configuration from /Users/sliver/Repository/Application Security/Personal/VulnScan/buildsystem/master.cfg
2012-04-21 23:42:55-0700 [-] configuration update started
2012-04-21 23:42:55-0700 [-] error while parsing config file
2012-04-21 23:42:55-0700 [-] Unhandled Error
	Traceback (most recent call last):
	  File "/opt/local/Library/Frameworks/Python.framework/Versions/2.7/lib/python2.7/site-packages/buildbot/master.py", line 197, in loadTheConfigFile
	    d = self.loadConfig(f)
	  File "/opt/local/Library/Frameworks/Python.framework/Versions/2.7/lib/python2.7/site-packages/buildbot/master.py", line 579, in loadConfig
	    d.addCallback(do_load)
	  File "/opt/local/Library/Frameworks/Python.framework/Versions/2.7/lib/python2.7/site-packages/twisted/internet/defer.py", line 298, in addCallback
	    callbackKeywords=kw)
	  File "/opt/local/Library/Frameworks/Python.framework/Versions/2.7/lib/python2.7/site-packages/twisted/internet/defer.py", line 287, in addCallbacks
	    self._runCallbacks()
	--- <exception caught here> ---
	  File "/opt/local/Library/Frameworks/Python.framework/Versions/2.7/lib/python2.7/site-packages/twisted/internet/defer.py", line 545, in _runCallbacks
	    current.result = callback(current.result, *args, **kw)
	  File "/opt/local/Library/Frameworks/Python.framework/Versions/2.7/lib/python2.7/site-packages/buildbot/master.py", line 226, in do_load
	    exec f in localDict
	exceptions.SyntaxError: invalid syntax (master.cfg, line 24)
	
2012-04-21 23:43:25-0700 [-] Received SIGTERM, shutting down.
2012-04-21 23:43:25-0700 [-] Main loop terminated.
2012-04-21 23:43:25-0700 [-] Server Shut Down.
2012-04-21 23:43:27-0700 [-] Log opened.
2012-04-21 23:43:27-0700 [-] twistd 11.1.0 (/opt/local/Library/Frameworks/Python.framework/Versions/2.7/Resources/Python.app/Contents/MacOS/Python 2.7.3) starting up.
2012-04-21 23:43:27-0700 [-] reactor class: twisted.internet.selectreactor.SelectReactor.
2012-04-21 23:43:27-0700 [-] Applying patch for http://twistedmatrix.com/trac/ticket/5079
2012-04-21 23:43:27-0700 [-] Creating BuildMaster -- buildbot.version: 0.8.5
2012-04-21 23:43:27-0700 [-] loading configuration from /Users/sliver/Repository/Application Security/Personal/VulnScan/buildsystem/master.cfg
2012-04-21 23:43:27-0700 [-] configuration update started
2012-04-21 23:43:27-0700 [-] error while parsing config file
2012-04-21 23:43:27-0700 [-] Unhandled Error
	Traceback (most recent call last):
	  File "/opt/local/Library/Frameworks/Python.framework/Versions/2.7/lib/python2.7/site-packages/buildbot/master.py", line 197, in loadTheConfigFile
	    d = self.loadConfig(f)
	  File "/opt/local/Library/Frameworks/Python.framework/Versions/2.7/lib/python2.7/site-packages/buildbot/master.py", line 579, in loadConfig
	    d.addCallback(do_load)
	  File "/opt/local/Library/Frameworks/Python.framework/Versions/2.7/lib/python2.7/site-packages/twisted/internet/defer.py", line 298, in addCallback
	    callbackKeywords=kw)
	  File "/opt/local/Library/Frameworks/Python.framework/Versions/2.7/lib/python2.7/site-packages/twisted/internet/defer.py", line 287, in addCallbacks
	    self._runCallbacks()
	--- <exception caught here> ---
	  File "/opt/local/Library/Frameworks/Python.framework/Versions/2.7/lib/python2.7/site-packages/twisted/internet/defer.py", line 545, in _runCallbacks
	    current.result = callback(current.result, *args, **kw)
	  File "/opt/local/Library/Frameworks/Python.framework/Versions/2.7/lib/python2.7/site-packages/buildbot/master.py", line 226, in do_load
	    exec f in localDict
	  File "/Users/sliver/Repository/Application Security/Personal/VulnScan/buildsystem/master.cfg", line 24, in <module>
	    c['slaves'].add(BuildSlave("example-slave", "pass")) #, ("Bobby", "pass"), ("Meh", "pass")
	exceptions.AttributeError: 'list' object has no attribute 'add'
	
2012-04-21 23:45:02-0700 [-] Received SIGTERM, shutting down.
2012-04-21 23:45:02-0700 [-] Main loop terminated.
2012-04-21 23:45:02-0700 [-] Server Shut Down.
2012-04-22 00:35:36-0700 [-] Log opened.
2012-04-22 00:35:36-0700 [-] twistd 11.1.0 (/opt/local/Library/Frameworks/Python.framework/Versions/2.7/Resources/Python.app/Contents/MacOS/Python 2.7.3) starting up.
2012-04-22 00:35:36-0700 [-] reactor class: twisted.internet.selectreactor.SelectReactor.
2012-04-22 00:35:36-0700 [-] Applying patch for http://twistedmatrix.com/trac/ticket/5079
2012-04-22 00:35:36-0700 [-] Creating BuildMaster -- buildbot.version: 0.8.5
2012-04-22 00:35:36-0700 [-] loading configuration from /Users/sliver/Repository/Application Security/Personal/VulnScan/buildsystem/master.cfg
2012-04-22 00:35:36-0700 [-] configuration update started
2012-04-22 00:35:36-0700 [-] error while parsing config file
2012-04-22 00:35:36-0700 [-] Unhandled Error
	Traceback (most recent call last):
	  File "/opt/local/Library/Frameworks/Python.framework/Versions/2.7/lib/python2.7/site-packages/buildbot/master.py", line 197, in loadTheConfigFile
	    d = self.loadConfig(f)
	  File "/opt/local/Library/Frameworks/Python.framework/Versions/2.7/lib/python2.7/site-packages/buildbot/master.py", line 579, in loadConfig
	    d.addCallback(do_load)
	  File "/opt/local/Library/Frameworks/Python.framework/Versions/2.7/lib/python2.7/site-packages/twisted/internet/defer.py", line 298, in addCallback
	    callbackKeywords=kw)
	  File "/opt/local/Library/Frameworks/Python.framework/Versions/2.7/lib/python2.7/site-packages/twisted/internet/defer.py", line 287, in addCallbacks
	    self._runCallbacks()
	--- <exception caught here> ---
	  File "/opt/local/Library/Frameworks/Python.framework/Versions/2.7/lib/python2.7/site-packages/twisted/internet/defer.py", line 545, in _runCallbacks
	    current.result = callback(current.result, *args, **kw)
	  File "/opt/local/Library/Frameworks/Python.framework/Versions/2.7/lib/python2.7/site-packages/buildbot/master.py", line 226, in do_load
	    exec f in localDict
	exceptions.SyntaxError: invalid syntax (master.cfg, line 23)
	
2012-04-22 00:35:43-0700 [-] Received SIGTERM, shutting down.
2012-04-22 00:35:43-0700 [-] Main loop terminated.
2012-04-22 00:35:43-0700 [-] Server Shut Down.
2012-04-22 00:36:15-0700 [-] Log opened.
2012-04-22 00:36:15-0700 [-] twistd 11.1.0 (/opt/local/Library/Frameworks/Python.framework/Versions/2.7/Resources/Python.app/Contents/MacOS/Python 2.7.3) starting up.
2012-04-22 00:36:15-0700 [-] reactor class: twisted.internet.selectreactor.SelectReactor.
2012-04-22 00:36:15-0700 [-] Applying patch for http://twistedmatrix.com/trac/ticket/5079
2012-04-22 00:36:15-0700 [-] Creating BuildMaster -- buildbot.version: 0.8.5
2012-04-22 00:36:15-0700 [-] loading configuration from /Users/sliver/Repository/Application Security/Personal/VulnScan/buildsystem/master.cfg
2012-04-22 00:36:15-0700 [-] configuration update started
2012-04-22 00:36:15-0700 [-] setting database journal mode to 'wal'
2012-04-22 00:36:15-0700 [-] Using SQLite Version (3, 7, 11)
2012-04-22 00:36:15-0700 [-] PBServerFactory starting on 9989
2012-04-22 00:36:15-0700 [-] Starting factory <twisted.spread.pb.PBServerFactory instance at 0x108cd1908>
2012-04-22 00:36:15-0700 [-] adding new builder runtests for category None
2012-04-22 00:36:15-0700 [-] trying to load status pickle from /Users/sliver/Repository/Application Security/Personal/VulnScan/buildsystem/runtests/builder
2012-04-22 00:36:15-0700 [-] added builder runtests in category None
2012-04-22 00:36:15-0700 [-] setBuilders._add: [<buildbot.process.botmaster.BuildRequestDistributor instance at 0x1086a4d40>, <BuildSlave 'example-slave', current builders: >] ['runtests']
2012-04-22 00:36:15-0700 [-] adding IStatusReceiver <WebStatus on port tcp:8010 at 0x108820b48>
2012-04-22 00:36:15-0700 [-] RotateLogSite starting on 8010
2012-04-22 00:36:15-0700 [-] Starting factory <buildbot.status.web.baseweb.RotateLogSite instance at 0x108cd9488>
2012-04-22 00:36:15-0700 [-] Setting up http.log rotating 10 files of 10000000 bytes each
2012-04-22 00:36:15-0700 [-] WebStatus using (/Users/sliver/Repository/Application Security/Personal/VulnScan/buildsystem/public_html)
2012-04-22 00:36:15-0700 [-] Loading builder runtests's build 0 from on-disk pickle
2012-04-22 00:36:15-0700 [-] removing 0 old schedulers, updating 0, and adding 1
2012-04-22 00:36:15-0700 [-] adding 1 new changesources, removing 0
2012-04-22 00:36:15-0700 [-] gitpoller: using workdir '/Users/sliver/Repository/Application Security/Personal/VulnScan/buildsystem/gitpoller-workdir'
2012-04-22 00:36:15-0700 [-] GitPoller repository already exists
2012-04-22 00:36:15-0700 [-] configuration update complete
2012-04-22 00:37:17-0700 [-] Received SIGTERM, shutting down.
2012-04-22 00:37:17-0700 [-] (TCP Port 8010 Closed)
2012-04-22 00:37:17-0700 [-] Stopping factory <buildbot.status.web.baseweb.RotateLogSite instance at 0x108cd9488>
2012-04-22 00:37:17-0700 [-] (TCP Port 9989 Closed)
2012-04-22 00:37:17-0700 [-] Stopping factory <twisted.spread.pb.PBServerFactory instance at 0x108cd1908>
2012-04-22 00:37:17-0700 [-] Main loop terminated.
2012-04-22 00:37:17-0700 [-] Server Shut Down.
